XYZ RAPID MOZYME PM7 LOG PDBOUT
 candidates/benserazide.pdb

           Empirical Formula: C10 N3 O5   =    18 atoms

   Ion Atom No.           Label               Charge (Distances are between charged sites predicted by Lewis structure theory)
    1   C   10   (HETATM   10  C7  UNK A   2)   +1  (5.3 Angstroms from anion  O    8, Label: HETATM    8  O2  UNK A   2)
    2   N   16   (ATOM     16  N   SER A   1)   +1  (2.7 Angstroms from anion  C   17, Label: ATOM     17  CB  SER A   1)
    1   O    7   (HETATM    7  O1  UNK A   2)   -1  (6.2 Angstroms from cation  C   10, Label: HETATM   10  C7  UNK A   2)
    2   O    8   (HETATM    8  O2  UNK A   2)   -1  (5.3 Angstroms from cation  C   10, Label: HETATM   10  C7  UNK A   2)
    3   C   17   (ATOM     17  CB  SER A   1)   -1  (2.7 Angstroms from cation  N   16, Label: ATOM     16  N   SER A   1)

          COMPUTED CHARGE ON SYSTEM: -1
 CYCLE:     1 TIME:   0.008 TIME LEFT:  2.00D  GRAD.:  1017.694 HEAT:  743.6672
 CYCLE:     2 TIME:   0.016 TIME LEFT:  2.00D  GRAD.:   962.478 HEAT:  542.2710
 CYCLE:     3 TIME:   0.016 TIME LEFT:  2.00D  GRAD.:   474.882 HEAT:  227.8771
 CYCLE:     4 TIME:   0.020 TIME LEFT:  2.00D  GRAD.:   919.305 HEAT:  167.6679
 CYCLE:     5 TIME:   0.031 TIME LEFT:  2.00D  GRAD.:   848.298 HEAT:  123.6842
 CYCLE:     6 TIME:   0.047 TIME LEFT:  2.00D  GRAD.:   408.322 HEAT:  68.18726
 CYCLE:     7 TIME:   0.039 TIME LEFT:  2.00D  GRAD.:   265.958 HEAT:  48.32200
 CYCLE:     8 TIME:   0.020 TIME LEFT:  2.00D  GRAD.:   277.686 HEAT:  43.11211
 CYCLE:     9 TIME:   0.020 TIME LEFT:  2.00D  GRAD.:   285.340 HEAT:  37.26205
 CYCLE:    10 TIME:   0.020 TIME LEFT:  2.00D  GRAD.:   282.756 HEAT:  34.52863
 CYCLE:    11 TIME:   0.016 TIME LEFT:  2.00D  GRAD.:   284.533 HEAT:  30.26662
 CYCLE:    12 TIME:   0.023 TIME LEFT:  2.00D  GRAD.:   334.240 HEAT:  29.28353
 CYCLE:    13 TIME:   0.020 TIME LEFT:  2.00D  GRAD.:   162.443 HEAT:  18.01754
 CYCLE:    14 TIME:   0.059 TIME LEFT:  2.00D  GRAD.:    85.224 HEAT:  14.96136
 CYCLE:    15 TIME:   0.020 TIME LEFT:  2.00D  GRAD.:   154.827 HEAT:  14.71316
 CYCLE:    16 TIME:   0.016 TIME LEFT:  2.00D  GRAD.:    53.031 HEAT:  10.76564
 CYCLE:    17 TIME:   0.035 TIME LEFT:  2.00D  GRAD.:   117.306 HEAT:  10.50973
 CYCLE:    18 TIME:   0.020 TIME LEFT:  2.00D  GRAD.:    53.555 HEAT:  7.469800
 CYCLE:    19 TIME:   0.039 TIME LEFT:  2.00D  GRAD.:    83.663 HEAT:  6.847389
 CYCLE:    20 TIME:   0.020 TIME LEFT:  2.00D  GRAD.:    55.071 HEAT:  4.702888
 CYCLE:    21 TIME:   0.023 TIME LEFT:  2.00D  GRAD.:   105.821 HEAT:  4.573099
 CYCLE:    22 TIME:   0.023 TIME LEFT:  2.00D  GRAD.:   106.785 HEAT:  2.822565
 CYCLE:    23 TIME:   0.035 TIME LEFT:  2.00D  GRAD.:    59.259 HEAT:  1.257011
 CYCLE:    24 TIME:   0.020 TIME LEFT:  2.00D  GRAD.:    37.388 HEAT: 0.4504061
 CYCLE:    25 TIME:   0.020 TIME LEFT:  2.00D  GRAD.:    57.708 HEAT:-0.2822535
 CYCLE:    26 TIME:   0.020 TIME LEFT:  2.00D  GRAD.:    50.798 HEAT: -1.498226
 CYCLE:    27 TIME:   0.035 TIME LEFT:  2.00D  GRAD.:    59.902 HEAT: -1.811755
 CYCLE:    28 TIME:   0.020 TIME LEFT:  2.00D  GRAD.:    45.375 HEAT: -2.677641
 CYCLE:    29 TIME:   0.020 TIME LEFT:  2.00D  GRAD.:    59.263 HEAT: -2.892393
pipeline_temp/benserazide.temp
 CYCLE:    31 TIME:   0.035 TIME LEFT:  2.00D  GRAD.:    59.447 HEAT: -3.740689
 CYCLE:    32 TIME:   0.020 TIME LEFT:  2.00D  GRAD.:    16.402 HEAT: -4.496308
 CYCLE:    33 TIME:   0.020 TIME LEFT:  2.00D  GRAD.:    22.342 HEAT: -4.817877
 CYCLE:    34 TIME:   0.016 TIME LEFT:  2.00D  GRAD.:    31.161 HEAT: -5.049822
 CYCLE:    35 TIME:   0.020 TIME LEFT:  2.00D  GRAD.:    30.441 HEAT: -5.476184
 CYCLE:    36 TIME:   0.055 TIME LEFT:  2.00D  GRAD.:    32.013 HEAT: -5.583277
 CYCLE:    37 TIME:   0.016 TIME LEFT:  2.00D  GRAD.:    10.238 HEAT: -5.888251
 CYCLE:    38 TIME:   0.016 TIME LEFT:  2.00D  GRAD.:    20.929 HEAT: -6.070192
 CYCLE:    39 TIME:   0.020 TIME LEFT:  2.00D  GRAD.:    15.181 HEAT: -6.385595
 CYCLE:    40 TIME:   0.016 TIME LEFT:  2.00D  GRAD.:     9.825 HEAT: -6.786038
 CYCLE:    41 TIME:   0.020 TIME LEFT:  2.00D  GRAD.:    16.942 HEAT: -7.264852
 CYCLE:    42 TIME:   0.020 TIME LEFT:  2.00D  GRAD.:    10.144 HEAT: -7.855794
 CYCLE:    43 TIME:   0.020 TIME LEFT:  2.00D  GRAD.:    20.297 HEAT: -8.489030
 CYCLE:    44 TIME:   0.023 TIME LEFT:  2.00D  GRAD.:    25.441 HEAT: -9.158963
 CYCLE:    45 TIME:   0.020 TIME LEFT:  2.00D  GRAD.:    22.942 HEAT: -9.607351
 CYCLE:    46 TIME:   0.020 TIME LEFT:  2.00D  GRAD.:    25.224 HEAT: -9.887176
 CYCLE:    47 TIME:   0.020 TIME LEFT:  2.00D  GRAD.:    29.391 HEAT: -10.12045
 CYCLE:    48 TIME:   0.020 TIME LEFT:  2.00D  GRAD.:    18.699 HEAT: -10.25611
 CYCLE:    49 TIME:   0.020 TIME LEFT:  2.00D  GRAD.:    16.180 HEAT: -10.40205
 CYCLE:    50 TIME:   0.016 TIME LEFT:  2.00D  GRAD.:    15.383 HEAT: -10.42606
 CYCLE:    51 TIME:   0.016 TIME LEFT:  2.00D  GRAD.:    16.330 HEAT: -10.54703
 CYCLE:    52 TIME:   0.020 TIME LEFT:  2.00D  GRAD.:     9.251 HEAT: -10.58841
 CYCLE:    53 TIME:   0.016 TIME LEFT:  2.00D  GRAD.:     9.281 HEAT: -10.64584
 CYCLE:    54 TIME:   0.016 TIME LEFT:  2.00D  GRAD.:     9.692 HEAT: -10.68757
 CYCLE:    55 TIME:   0.016 TIME LEFT:  2.00D  GRAD.:     5.655 HEAT: -10.72462
 CYCLE:    56 TIME:   0.016 TIME LEFT:  2.00D  GRAD.:     9.397 HEAT: -10.76137
 CYCLE:    57 TIME:   0.016 TIME LEFT:  2.00D  GRAD.:     4.897 HEAT: -10.77797
 CYCLE:    58 TIME:   0.020 TIME LEFT:  2.00D  GRAD.:    11.523 HEAT: -10.80641
 CYCLE:    59 TIME:   0.016 TIME LEFT:  2.00D  GRAD.:     3.942 HEAT: -10.82483
pipeline_temp/benserazide.temp
 CYCLE:    61 TIME:   0.012 TIME LEFT:  2.00D  GRAD.:     3.373 HEAT: -10.85306
 CYCLE:    62 TIME:   0.012 TIME LEFT:  2.00D  GRAD.:     3.695 HEAT: -10.86531
 CYCLE:    63 TIME:   0.016 TIME LEFT:  2.00D  GRAD.:     2.895 HEAT: -10.88042
 CYCLE:    64 TIME:   0.012 TIME LEFT:  2.00D  GRAD.:     5.102 HEAT: -10.91755
 CYCLE:    65 TIME:   0.020 TIME LEFT:  2.00D  GRAD.:     5.758 HEAT: -10.96507
 CYCLE:    66 TIME:   0.016 TIME LEFT:  2.00D  GRAD.:     5.452 HEAT: -10.97802
 CYCLE:    67 TIME:   0.012 TIME LEFT:  2.00D  GRAD.:     4.439 HEAT: -10.98667
 CYCLE:    68 TIME:   0.012 TIME LEFT:  2.00D  GRAD.:     2.164 HEAT: -10.99404
 CYCLE:    69 TIME:   0.016 TIME LEFT:  2.00D  GRAD.:     1.343 HEAT: -11.00069
 CYCLE:    70 TIME:   0.012 TIME LEFT:  2.00D  GRAD.:     1.599 HEAT: -11.00691
 CYCLE:    71 TIME:   0.008 TIME LEFT:  2.00D  GRAD.:     1.579 HEAT: -11.00906
 CYCLE:    72 TIME:   0.012 TIME LEFT:  2.00D  GRAD.:     2.051 HEAT: -11.00610
 CYCLE:    73 TIME:   0.012 TIME LEFT:  2.00D  GRAD.:     1.911 HEAT: -11.01331
 CYCLE:    74 TIME:   0.012 TIME LEFT:  2.00D  GRAD.:     2.212 HEAT: -11.01230
 CYCLE:    75 TIME:   0.012 TIME LEFT:  2.00D  GRAD.:     2.091 HEAT: -11.01564
 CYCLE:    76 TIME:   0.012 TIME LEFT:  2.00D  GRAD.:     2.782 HEAT: -11.01627
 CYCLE:    77 TIME:   0.008 TIME LEFT:  2.00D  GRAD.:     1.986 HEAT: -11.01834
 CYCLE:    78 TIME:   0.008 TIME LEFT:  2.00D  GRAD.:     1.813 HEAT: -11.01953
 CYCLE:    79 TIME:   0.012 TIME LEFT:  2.00D  GRAD.:     1.500 HEAT: -11.02129
 CYCLE:    80 TIME:   0.008 TIME LEFT:  2.00D  GRAD.:     1.186 HEAT: -11.02216
 CYCLE:    81 TIME:   0.008 TIME LEFT:  2.00D  GRAD.:     0.789 HEAT: -11.02387
