XYZ RAPID MOZYME PM7 LOG PDBOUT
 candidates/carbazochrome.pdb

           Empirical Formula: C10 N4 O3   =    17 atoms

   Ion Atom No.           Label               Charge (Distances are between charged sites predicted by Lewis structure theory)
    1   N    7   (ATOM      7  N4  UNK A   1)   +1  (2.7 Angstroms from anion  O    3, Label: ATOM      3  O3  UNK A   1)
                                                    (4.6 Angstroms from anion  O    2, Label: ATOM      2  O2  UNK A   1)
    2   C   12   (ATOM     12  C5  UNK A   1)   +1  (3.5 Angstroms from anion  O    1, Label: ATOM      1  O1  UNK A   1)
                                                    (4.1 Angstroms from anion  O    2, Label: ATOM      2  O2  UNK A   1)
    3   C   14   (ATOM     14  C7  UNK A   1)   +1  (2.7 Angstroms from anion  O    2, Label: ATOM      2  O2  UNK A   1)
                                                    (3.5 Angstroms from anion  C   16, Label: ATOM     16  C8  UNK A   1)
    4   C   15   (ATOM     15  CA  UNK A   1)   +1  (2.7 Angstroms from anion  O    1, Label: ATOM      1  O1  UNK A   1)
                                                    (2.8 Angstroms from anion  C   16, Label: ATOM     16  C8  UNK A   1)
    1   O    1   (ATOM      1  O1  UNK A   1)   -1  (2.7 Angstroms from cation  C   15, Label: ATOM     15  CA  UNK A   1)
                                                    (3.5 Angstroms from cation  C   12, Label: ATOM     12  C5  UNK A   1)
    2   O    2   (ATOM      2  O2  UNK A   1)   -1  (2.7 Angstroms from cation  C   14, Label: ATOM     14  C7  UNK A   1)
                                                    (4.1 Angstroms from cation  C   12, Label: ATOM     12  C5  UNK A   1)
                                                    (4.6 Angstroms from cation  N    7, Label: ATOM      7  N4  UNK A   1)
    3   O    3   (ATOM      3  O3  UNK A   1)   -1  (2.7 Angstroms from cation  N    7, Label: ATOM      7  N4  UNK A   1)
    4   C   16   (ATOM     16  C8  UNK A   1)   -1  (2.8 Angstroms from cation  C   15, Label: ATOM     15  CA  UNK A   1)
                                                    (3.5 Angstroms from cation  C   14, Label: ATOM     14  C7  UNK A   1)
 CYCLE:     1 TIME:   0.008 TIME LEFT:  2.00D  GRAD.:   697.619 HEAT:  867.3013
 CYCLE:     2 TIME:   0.020 TIME LEFT:  2.00D  GRAD.:   629.623 HEAT:  731.6101
 CYCLE:     3 TIME:   0.016 TIME LEFT:  2.00D  GRAD.:   319.569 HEAT:  569.9432
 CYCLE:     4 TIME:   0.082 TIME LEFT:  2.00D  GRAD.:   290.983 HEAT:  518.5118
 CYCLE:     5 TIME:   0.023 TIME LEFT:  2.00D  GRAD.:   603.443 HEAT:  492.3510
 CYCLE:     6 TIME:   0.023 TIME LEFT:  2.00D  GRAD.:   498.568 HEAT:  467.4555
 CYCLE:     7 TIME:   0.043 TIME LEFT:  2.00D  GRAD.:   310.791 HEAT:  437.4735
 CYCLE:     8 TIME:   0.023 TIME LEFT:  2.00D  GRAD.:   251.912 HEAT:  410.2574
 CYCLE:     9 TIME:   0.023 TIME LEFT:  2.00D  GRAD.:   447.968 HEAT:  399.9504
 CYCLE:    10 TIME:   0.020 TIME LEFT:  2.00D  GRAD.:   323.407 HEAT:  372.5478
 CYCLE:    11 TIME:   0.043 TIME LEFT:  2.00D  GRAD.:   416.703 HEAT:  360.2037
 CYCLE:    12 TIME:   0.035 TIME LEFT:  2.00D  GRAD.:   221.941 HEAT:  347.6961
 CYCLE:    13 TIME:   0.020 TIME LEFT:  2.00D  GRAD.:   146.192 HEAT:  341.1238
 CYCLE:    14 TIME:   0.020 TIME LEFT:  2.00D  GRAD.:   158.589 HEAT:  336.9671
 CYCLE:    15 TIME:   0.023 TIME LEFT:  2.00D  GRAD.:   167.552 HEAT:  333.7066
 CYCLE:    16 TIME:   0.039 TIME LEFT:  2.00D  GRAD.:    89.622 HEAT:  331.1280
 CYCLE:    17 TIME:   0.035 TIME LEFT:  2.00D  GRAD.:    61.053 HEAT:  329.9164
 CYCLE:    18 TIME:   0.016 TIME LEFT:  2.00D  GRAD.:    72.126 HEAT:  328.7464
 CYCLE:    19 TIME:   0.020 TIME LEFT:  2.00D  GRAD.:    62.824 HEAT:  327.2104
 CYCLE:    20 TIME:   0.020 TIME LEFT:  2.00D  GRAD.:   121.298 HEAT:  326.5061
 CYCLE:    21 TIME:   0.020 TIME LEFT:  2.00D  GRAD.:   109.736 HEAT:  324.9255
 CYCLE:    22 TIME:   0.020 TIME LEFT:  2.00D  GRAD.:   139.833 HEAT:  324.3368
 CYCLE:    23 TIME:   0.016 TIME LEFT:  2.00D  GRAD.:    71.496 HEAT:  321.8139
 CYCLE:    24 TIME:   0.027 TIME LEFT:  2.00D  GRAD.:   157.382 HEAT:  321.5404
 CYCLE:    25 TIME:   0.020 TIME LEFT:  2.00D  GRAD.:   127.607 HEAT:  319.5109
 CYCLE:    26 TIME:   0.035 TIME LEFT:  2.00D  GRAD.:   146.534 HEAT:  318.9361
 CYCLE:    27 TIME:   0.016 TIME LEFT:  2.00D  GRAD.:    36.304 HEAT:  314.9767
 CYCLE:    28 TIME:   0.027 TIME LEFT:  2.00D  GRAD.:   102.982 HEAT:  313.6488
 CYCLE:    29 TIME:   0.020 TIME LEFT:  2.00D  GRAD.:    76.535 HEAT:  308.5311
pipeline_temp/carbazochrome.temp
 CYCLE:    31 TIME:   0.020 TIME LEFT:  2.00D  GRAD.:    98.513 HEAT:  300.3917
 CYCLE:    32 TIME:   0.043 TIME LEFT:  2.00D  GRAD.:   160.599 HEAT:  300.1920
 CYCLE:    33 TIME:   0.020 TIME LEFT:  2.00D  GRAD.:    56.940 HEAT:  295.6853
 CYCLE:    34 TIME:   0.062 TIME LEFT:  2.00D  GRAD.:    62.196 HEAT:  294.8856
 CYCLE:    35 TIME:   0.020 TIME LEFT:  2.00D  GRAD.:    45.979 HEAT:  293.7909
 CYCLE:    36 TIME:   0.035 TIME LEFT:  2.00D  GRAD.:    59.172 HEAT:  293.3679
 CYCLE:    37 TIME:   0.020 TIME LEFT:  2.00D  GRAD.:    27.790 HEAT:  292.4950
 CYCLE:    38 TIME:   0.020 TIME LEFT:  2.00D  GRAD.:    42.029 HEAT:  291.4530
 CYCLE:    39 TIME:   0.023 TIME LEFT:  2.00D  GRAD.:    50.989 HEAT:  289.5151
 CYCLE:    40 TIME:   0.023 TIME LEFT:  2.00D  GRAD.:    77.618 HEAT:  286.1290
 CYCLE:    41 TIME:   0.027 TIME LEFT:  2.00D  GRAD.:   143.232 HEAT:  280.6026
 CYCLE:    42 TIME:   0.023 TIME LEFT:  2.00D  GRAD.:   234.605 HEAT:  276.3684
 CYCLE:    43 TIME:   0.039 TIME LEFT:  2.00D  GRAD.:   283.554 HEAT:  275.6408
 CYCLE:    44 TIME:   0.023 TIME LEFT:  2.00D  GRAD.:   180.978 HEAT:  271.1921
 CYCLE:    45 TIME:   0.043 TIME LEFT:  2.00D  GRAD.:   123.128 HEAT:  265.5651
 CYCLE:    46 TIME:   0.043 TIME LEFT:  2.00D  GRAD.:    95.798 HEAT:  264.6430
 CYCLE:    47 TIME:   0.020 TIME LEFT:  2.00D  GRAD.:    73.935 HEAT:  263.6437
 CYCLE:    48 TIME:   0.020 TIME LEFT:  2.00D  GRAD.:    91.451 HEAT:  263.6051
 CYCLE:    49 TIME:   0.023 TIME LEFT:  2.00D  GRAD.:    34.238 HEAT:  262.4271
 CYCLE:    50 TIME:   0.035 TIME LEFT:  2.00D  GRAD.:    36.808 HEAT:  262.1461
 CYCLE:    51 TIME:   0.016 TIME LEFT:  2.00D  GRAD.:    33.607 HEAT:  261.7260
 CYCLE:    52 TIME:   0.016 TIME LEFT:  2.00D  GRAD.:    22.248 HEAT:  261.1599
 CYCLE:    53 TIME:   0.020 TIME LEFT:  2.00D  GRAD.:    24.487 HEAT:  260.1946
 CYCLE:    54 TIME:   0.020 TIME LEFT:  2.00D  GRAD.:    19.110 HEAT:  258.8915
 CYCLE:    55 TIME:   0.020 TIME LEFT:  2.00D  GRAD.:    27.163 HEAT:  256.8798
 CYCLE:    56 TIME:   0.023 TIME LEFT:  2.00D  GRAD.:    61.860 HEAT:  255.1376
 CYCLE:    57 TIME:   0.023 TIME LEFT:  2.00D  GRAD.:    46.843 HEAT:  253.1870
 CYCLE:    58 TIME:   0.020 TIME LEFT:  2.00D  GRAD.:    54.750 HEAT:  251.5935
 CYCLE:    59 TIME:   0.023 TIME LEFT:  2.00D  GRAD.:    60.307 HEAT:  249.7268
pipeline_temp/carbazochrome.temp
 CYCLE:    61 TIME:   0.023 TIME LEFT:  2.00D  GRAD.:    69.875 HEAT:  246.0844
 CYCLE:    62 TIME:   0.047 TIME LEFT:  2.00D  GRAD.:   100.100 HEAT:  245.5917
 CYCLE:    63 TIME:   0.023 TIME LEFT:  2.00D  GRAD.:   113.977 HEAT:  244.8080
 CYCLE:    64 TIME:   0.020 TIME LEFT:  2.00D  GRAD.:    91.406 HEAT:  243.9684
 CYCLE:    65 TIME:   0.020 TIME LEFT:  2.00D  GRAD.:    83.572 HEAT:  242.5277
 CYCLE:    66 TIME:   0.023 TIME LEFT:  2.00D  GRAD.:    72.970 HEAT:  241.9543
 CYCLE:    67 TIME:   0.020 TIME LEFT:  2.00D  GRAD.:    49.745 HEAT:  240.7525
 CYCLE:    68 TIME:   0.035 TIME LEFT:  2.00D  GRAD.:    52.725 HEAT:  240.6012
 CYCLE:    69 TIME:   0.016 TIME LEFT:  2.00D  GRAD.:    25.599 HEAT:  240.1709
 CYCLE:    70 TIME:   0.016 TIME LEFT:  2.00D  GRAD.:    27.060 HEAT:  239.8170
 CYCLE:    71 TIME:   0.020 TIME LEFT:  2.00D  GRAD.:    21.276 HEAT:  239.1708
 CYCLE:    72 TIME:   0.020 TIME LEFT:  2.00D  GRAD.:    26.954 HEAT:  238.1211
 CYCLE:    73 TIME:   0.023 TIME LEFT:  2.00D  GRAD.:    46.329 HEAT:  236.9197
 CYCLE:    74 TIME:   0.023 TIME LEFT:  2.00D  GRAD.:    54.273 HEAT:  235.4347
 CYCLE:    75 TIME:   0.027 TIME LEFT:  2.00D  GRAD.:    66.966 HEAT:  234.9904
 CYCLE:    76 TIME:   0.023 TIME LEFT:  2.00D  GRAD.:    89.425 HEAT:  234.3342
 CYCLE:    77 TIME:   0.020 TIME LEFT:  2.00D  GRAD.:    64.624 HEAT:  233.9134
 CYCLE:    78 TIME:   0.023 TIME LEFT:  2.00D  GRAD.:    59.089 HEAT:  233.5993
 CYCLE:    79 TIME:   0.023 TIME LEFT:  2.00D  GRAD.:    38.191 HEAT:  232.4126
 CYCLE:    80 TIME:   0.020 TIME LEFT:  2.00D  GRAD.:    33.203 HEAT:  232.0165
 CYCLE:    81 TIME:   0.020 TIME LEFT:  2.00D  GRAD.:    36.946 HEAT:  231.4076
 CYCLE:    82 TIME:   0.027 TIME LEFT:  2.00D  GRAD.:    37.940 HEAT:  230.4614
 CYCLE:    83 TIME:   0.023 TIME LEFT:  2.00D  GRAD.:    50.563 HEAT:  229.7767
 CYCLE:    84 TIME:   0.020 TIME LEFT:  2.00D  GRAD.:    49.941 HEAT:  229.3540
 CYCLE:    85 TIME:   0.027 TIME LEFT:  2.00D  GRAD.:    47.009 HEAT:  228.8417
 CYCLE:    86 TIME:   0.020 TIME LEFT:  2.00D  GRAD.:    50.609 HEAT:  228.6961
 CYCLE:    87 TIME:   0.020 TIME LEFT:  2.00D  GRAD.:    38.558 HEAT:  228.1156
 CYCLE:    88 TIME:   0.020 TIME LEFT:  2.00D  GRAD.:    31.802 HEAT:  227.9891
 CYCLE:    89 TIME:   0.023 TIME LEFT:  2.00D  GRAD.:    38.458 HEAT:  227.6611
pipeline_temp/carbazochrome.temp
 CYCLE:    91 TIME:   0.020 TIME LEFT:  2.00D  GRAD.:    28.995 HEAT:  227.0087
 CYCLE:    92 TIME:   0.020 TIME LEFT:  2.00D  GRAD.:    21.257 HEAT:  226.6933
 CYCLE:    93 TIME:   0.020 TIME LEFT:  2.00D  GRAD.:    27.693 HEAT:  226.3103
 CYCLE:    94 TIME:   0.023 TIME LEFT:  2.00D  GRAD.:    31.799 HEAT:  225.9062
 CYCLE:    95 TIME:   0.023 TIME LEFT:  2.00D  GRAD.:    51.639 HEAT:  225.8213
 CYCLE:    96 TIME:   0.051 TIME LEFT:  2.00D  GRAD.:    29.312 HEAT:  225.6151
 CYCLE:    97 TIME:   0.016 TIME LEFT:  2.00D  GRAD.:    20.421 HEAT:  225.4338
 CYCLE:    98 TIME:   0.020 TIME LEFT:  2.00D  GRAD.:    19.817 HEAT:  225.2684
 CYCLE:    99 TIME:   0.020 TIME LEFT:  2.00D  GRAD.:    25.159 HEAT:  225.0817
 CYCLE:   100 TIME:   0.016 TIME LEFT:  2.00D  GRAD.:    14.999 HEAT:  224.9421
 CYCLE:   101 TIME:   0.020 TIME LEFT:  2.00D  GRAD.:    18.174 HEAT:  224.7430
 CYCLE:   102 TIME:   0.020 TIME LEFT:  2.00D  GRAD.:    22.126 HEAT:  224.5089
 CYCLE:   103 TIME:   0.020 TIME LEFT:  2.00D  GRAD.:    20.926 HEAT:  224.3377
 CYCLE:   104 TIME:   0.016 TIME LEFT:  2.00D  GRAD.:    13.534 HEAT:  224.2979
 CYCLE:   105 TIME:   0.023 TIME LEFT:  2.00D  GRAD.:    24.392 HEAT:  224.2578
 CYCLE:   106 TIME:   0.016 TIME LEFT:  2.00D  GRAD.:    12.656 HEAT:  224.1262
 CYCLE:   107 TIME:   0.016 TIME LEFT:  2.00D  GRAD.:     9.709 HEAT:  224.0794
 CYCLE:   108 TIME:   0.012 TIME LEFT:  2.00D  GRAD.:     7.554 HEAT:  224.0666
 CYCLE:   109 TIME:   0.016 TIME LEFT:  2.00D  GRAD.:     7.945 HEAT:  224.0477
 CYCLE:   110 TIME:   0.012 TIME LEFT:  2.00D  GRAD.:     6.327 HEAT:  224.0415
 CYCLE:   111 TIME:   0.016 TIME LEFT:  2.00D  GRAD.:     8.610 HEAT:  224.0212
 CYCLE:   112 TIME:   0.012 TIME LEFT:  2.00D  GRAD.:     4.753 HEAT:  223.9984
 CYCLE:   113 TIME:   0.012 TIME LEFT:  2.00D  GRAD.:     4.035 HEAT:  223.9835
 CYCLE:   114 TIME:   0.016 TIME LEFT:  2.00D  GRAD.:     5.311 HEAT:  223.9589
 CYCLE:   115 TIME:   0.008 TIME LEFT:  2.00D  GRAD.:     2.405 HEAT:  223.9518
 CYCLE:   116 TIME:   0.008 TIME LEFT:  2.00D  GRAD.:     3.679 HEAT:  223.9479
 CYCLE:   117 TIME:   0.012 TIME LEFT:  2.00D  GRAD.:     2.391 HEAT:  223.9432
 CYCLE:   118 TIME:   0.012 TIME LEFT:  2.00D  GRAD.:     2.533 HEAT:  223.9314
 CYCLE:   119 TIME:   0.008 TIME LEFT:  2.00D  GRAD.:     1.980 HEAT:  223.9274
pipeline_temp/carbazochrome.temp
 CYCLE:   121 TIME:   0.008 TIME LEFT:  2.00D  GRAD.:     2.083 HEAT:  223.9126
 CYCLE:   122 TIME:   0.020 TIME LEFT:  2.00D  GRAD.:    11.861 HEAT:  223.9044
 CYCLE:   123 TIME:   0.016 TIME LEFT:  2.00D  GRAD.:     3.277 HEAT:  223.8927
 CYCLE:   124 TIME:   0.012 TIME LEFT:  2.00D  GRAD.:     3.079 HEAT:  223.8775
 CYCLE:   125 TIME:   0.008 TIME LEFT:  2.00D  GRAD.:     2.666 HEAT:  223.8719
 CYCLE:   126 TIME:   0.008 TIME LEFT:  2.00D  GRAD.:     2.339 HEAT:  223.8654
 CYCLE:   127 TIME:   0.008 TIME LEFT:  2.00D  GRAD.:     1.941 HEAT:  223.8604
 CYCLE:   128 TIME:   0.012 TIME LEFT:  2.00D  GRAD.:     2.458 HEAT:  223.8566
 CYCLE:   129 TIME:   0.012 TIME LEFT:  2.00D  GRAD.:     1.547 HEAT:  223.8459
 CYCLE:   130 TIME:   0.008 TIME LEFT:  2.00D  GRAD.:     1.850 HEAT:  223.8409
 CYCLE:   131 TIME:   0.008 TIME LEFT:  2.00D  GRAD.:     1.785 HEAT:  223.8392
 CYCLE:   132 TIME:   0.008 TIME LEFT:  2.00D  GRAD.:     2.646 HEAT:  223.8366
 CYCLE:   133 TIME:   0.016 TIME LEFT:  2.00D  GRAD.:     1.776 HEAT:  223.8286
 CYCLE:   134 TIME:   0.012 TIME LEFT:  2.00D  GRAD.:     2.833 HEAT:  223.8164
 CYCLE:   135 TIME:   0.008 TIME LEFT:  2.00D  GRAD.:     1.486 HEAT:  223.8113
 CYCLE:   136 TIME:   0.008 TIME LEFT:  2.00D  GRAD.:     1.220 HEAT:  223.8066
 CYCLE:   137 TIME:   0.008 TIME LEFT:  2.00D  GRAD.:     1.023 HEAT:  223.8031
 CYCLE:   138 TIME:   0.020 TIME LEFT:  2.00D  GRAD.:     9.446 HEAT:  223.7866
 CYCLE:   139 TIME:   0.027 TIME LEFT:  2.00D  GRAD.:     3.446 HEAT:  223.7785
 CYCLE:   140 TIME:   0.020 TIME LEFT:  2.00D  GRAD.:     2.047 HEAT:  223.7824
 CYCLE:   141 TIME:   0.043 TIME LEFT:  2.00D  GRAD.:     1.466 HEAT:  223.7921
 CYCLE:   142 TIME:   0.008 TIME LEFT:  2.00D  GRAD.:     1.065 HEAT:  223.7871
 CYCLE:   143 TIME:   0.008 TIME LEFT:  2.00D  GRAD.:     1.755 HEAT:  223.7867
 CYCLE:   144 TIME:   0.008 TIME LEFT:  2.00D  GRAD.:     1.116 HEAT:  223.7844
 CYCLE:   145 TIME:   0.008 TIME LEFT:  2.00D  GRAD.:     1.724 HEAT:  223.7808
 CYCLE:   146 TIME:   0.012 TIME LEFT:  2.00D  GRAD.:     1.549 HEAT:  223.7789
 CYCLE:   147 TIME:   0.008 TIME LEFT:  2.00D  GRAD.:     0.993 HEAT:  223.7761
