XYZ RAPID MOZYME PM7 LOG PDBOUT
 candidates/ligand_6OAI.pdb

           Empirical Formula: C32 N O25   =    58 atoms
*REMARK   3 HET = Not identified; C 32 N O 25        =    58 atoms  res:    1
                     (Includes atom number:    1)

   Ion Atom No.           Label               Charge (Distances are between charged sites predicted by Lewis structure theory)
    1   N   30   (HETATM   30  N   HET A   1)   +1  (2.3 Angstroms from anion  O   35, Label: HETATM   35  O9  HET A   1)
                                                    (3.9 Angstroms from anion  O   37, Label: HETATM   37  O11 HET A   1)
                                                    (4.9 Angstroms from anion  O   40, Label: HETATM   40  O14 HET A   1)
                                                    (4.9 Angstroms from anion  O   32, Label: HETATM   32  O6  HET A   1)
    1   O   12   (HETATM   12  O2  HET A   1)   -1  (6.4 Angstroms from cation  N   30, Label: HETATM   30  N   HET A   1)
    2   O   13   (HETATM   13  O3  HET A   1)   -1  (6.2 Angstroms from cation  N   30, Label: HETATM   30  N   HET A   1)
    3   O   14   (HETATM   14  O4  HET A   1)   -1  (6.6 Angstroms from cation  N   30, Label: HETATM   30  N   HET A   1)
    4   O   32   (HETATM   32  O6  HET A   1)   -1  (4.9 Angstroms from cation  N   30, Label: HETATM   30  N   HET A   1)
    5   O   35   (HETATM   35  O9  HET A   1)   -1  (2.3 Angstroms from cation  N   30, Label: HETATM   30  N   HET A   1)
    6   O   37   (HETATM   37  O11 HET A   1)   -1  (3.9 Angstroms from cation  N   30, Label: HETATM   30  N   HET A   1)
    7   O   40   (HETATM   40  O14 HET A   1)   -1  (4.9 Angstroms from cation  N   30, Label: HETATM   30  N   HET A   1)
    8   O   46   (HETATM   46  O17 HET A   1)   -1  (6.6 Angstroms from cation  N   30, Label: HETATM   30  N   HET A   1)
    9   O   48   (HETATM   48  O18 HET A   1)   -1  (6.9 Angstroms from cation  N   30, Label: HETATM   30  N   HET A   1)
   10   C   53   (HETATM   53  C32 HET A   1)   -1  (8.1 Angstroms from cation  N   30, Label: HETATM   30  N   HET A   1)

          COMPUTED CHARGE ON SYSTEM: -9
*REMARK   3 HET = Not identified; C 32 N O 25        =    58 atoms  res:    1
                     (Includes atom number:    1)
 CYCLE:     1 TIME:   0.160 TIME LEFT:  2.00D  GRAD.:  1321.414 HEAT:  2145.755
 CYCLE:     2 TIME:   0.176 TIME LEFT:  2.00D  GRAD.:  1310.544 HEAT:  2128.334
 CYCLE:     3 TIME:   0.238 TIME LEFT:  2.00D  GRAD.:  4701.128 HEAT:  2531.170
 CYCLE:     4 TIME:   0.715 TIME LEFT:  2.00D  GRAD.:  1313.520 HEAT:  2128.251
 CYCLE:     5 TIME:   0.246 TIME LEFT:  2.00D  GRAD.:  4685.609 HEAT:  2523.815
 CYCLE:     6 TIME:   0.215 TIME LEFT:  2.00D  GRAD.:  1094.380 HEAT:  1763.952
 CYCLE:     7 TIME:   0.195 TIME LEFT:  2.00D  GRAD.:   615.637 HEAT:  1431.341
 CYCLE:     8 TIME:   0.395 TIME LEFT:  2.00D  GRAD.:  1318.021 HEAT:  1387.058
 CYCLE:     9 TIME:   0.227 TIME LEFT:  2.00D  GRAD.:   274.460 HEAT:  1265.588
 CYCLE:    10 TIME:   0.242 TIME LEFT:  2.00D  GRAD.:   253.452 HEAT:  1240.117
 CYCLE:    11 TIME:   0.391 TIME LEFT:  2.00D  GRAD.:   433.502 HEAT:  1149.367
 CYCLE:    12 TIME:   0.309 TIME LEFT:  2.00D  GRAD.:   289.761 HEAT:  1110.462
 CYCLE:    13 TIME:   0.223 TIME LEFT:  2.00D  GRAD.:   188.246 HEAT:  1093.211
 CYCLE:    14 TIME:   0.254 TIME LEFT:  2.00D  GRAD.:   195.803 HEAT:  1063.267
 CYCLE:    15 TIME:   0.312 TIME LEFT:  2.00D  GRAD.:   217.278 HEAT:  1044.018
 CYCLE:    16 TIME:   0.312 TIME LEFT:  2.00D  GRAD.:   186.725 HEAT:  1023.540
 CYCLE:    17 TIME:   0.312 TIME LEFT:  2.00D  GRAD.:   185.596 HEAT:  1007.518
 CYCLE:    18 TIME:   0.320 TIME LEFT:  2.00D  GRAD.:   162.921 HEAT:  993.3709
 CYCLE:    19 TIME:   0.340 TIME LEFT:  2.00D  GRAD.:   154.786 HEAT:  975.9513
 CYCLE:    20 TIME:   0.375 TIME LEFT:  2.00D  GRAD.:   238.997 HEAT:  962.0443
 CYCLE:    21 TIME:   0.348 TIME LEFT:  2.00D  GRAD.:   170.750 HEAT:  946.5544
 CYCLE:    22 TIME:   0.324 TIME LEFT:  2.00D  GRAD.:   263.171 HEAT:  924.0564
 CYCLE:    23 TIME:   0.336 TIME LEFT:  2.00D  GRAD.:   291.408 HEAT:  909.5062
 CYCLE:    24 TIME:   0.312 TIME LEFT:  2.00D  GRAD.:   281.219 HEAT:  887.5132
 CYCLE:    25 TIME:   0.305 TIME LEFT:  2.00D  GRAD.:   243.378 HEAT:  867.3962
 CYCLE:    26 TIME:   0.242 TIME LEFT:  2.00D  GRAD.:   154.221 HEAT:  856.5325
 CYCLE:    27 TIME:   0.316 TIME LEFT:  2.00D  GRAD.:   146.908 HEAT:  845.6087
 CYCLE:    28 TIME:   0.312 TIME LEFT:  2.00D  GRAD.:   139.949 HEAT:  836.1502
 CYCLE:    29 TIME:   0.312 TIME LEFT:  2.00D  GRAD.:   132.042 HEAT:  827.9381
 CYCLE:    30 TIME:   0.262 TIME LEFT:  2.00D  GRAD.:   110.779 HEAT:  818.5426
 CYCLE:    31 TIME:   0.258 TIME LEFT:  2.00D  GRAD.:   131.372 HEAT:  811.8873
 CYCLE:    32 TIME:   0.262 TIME LEFT:  2.00D  GRAD.:    95.247 HEAT:  806.4240
 CYCLE:    33 TIME:   0.254 TIME LEFT:  2.00D  GRAD.:    96.186 HEAT:  800.7690
 CYCLE:    34 TIME:   0.266 TIME LEFT:  2.00D  GRAD.:   100.607 HEAT:  794.7830
 CYCLE:    35 TIME:   0.309 TIME LEFT:  2.00D  GRAD.:   107.612 HEAT:  790.3595
 CYCLE:    36 TIME:   0.254 TIME LEFT:  2.00D  GRAD.:    66.508 HEAT:  787.6155
 CYCLE:    37 TIME:   0.266 TIME LEFT:  2.00D  GRAD.:    76.255 HEAT:  784.7777
 CYCLE:    38 TIME:   0.273 TIME LEFT:  2.00D  GRAD.:   105.118 HEAT:  781.8344
 CYCLE:    39 TIME:   0.312 TIME LEFT:  2.00D  GRAD.:    72.882 HEAT:  778.3828
 CYCLE:    40 TIME:   0.238 TIME LEFT:  2.00D  GRAD.:    60.704 HEAT:  775.9811
 CYCLE:    41 TIME:   0.266 TIME LEFT:  2.00D  GRAD.:    66.052 HEAT:  772.5106
 CYCLE:    42 TIME:   0.344 TIME LEFT:  2.00D  GRAD.:    94.772 HEAT:  769.2639
 CYCLE:    43 TIME:   0.305 TIME LEFT:  2.00D  GRAD.:    85.332 HEAT:  766.7846
 CYCLE:    44 TIME:   0.262 TIME LEFT:  2.00D  GRAD.:    54.120 HEAT:  764.6969
 CYCLE:    45 TIME:   0.273 TIME LEFT:  2.00D  GRAD.:    59.394 HEAT:  762.5366
 CYCLE:    46 TIME:   0.312 TIME LEFT:  2.00D  GRAD.:    72.659 HEAT:  759.7203
 CYCLE:    47 TIME:   0.305 TIME LEFT:  2.00D  GRAD.:   106.032 HEAT:  756.2311
 CYCLE:    48 TIME:   0.332 TIME LEFT:  2.00D  GRAD.:    93.198 HEAT:  752.8308
 CYCLE:    49 TIME:   0.273 TIME LEFT:  2.00D  GRAD.:    87.180 HEAT:  750.8268
 CYCLE:    50 TIME:   0.309 TIME LEFT:  2.00D  GRAD.:    66.709 HEAT:  747.6601
 CYCLE:    51 TIME:   0.266 TIME LEFT:  2.00D  GRAD.:    67.532 HEAT:  745.4139
 CYCLE:    52 TIME:   0.316 TIME LEFT:  2.00D  GRAD.:    65.070 HEAT:  742.1134
 CYCLE:    53 TIME:   0.336 TIME LEFT:  2.00D  GRAD.:    98.990 HEAT:  738.9361
 CYCLE:    54 TIME:   0.316 TIME LEFT:  2.00D  GRAD.:    63.535 HEAT:  736.0073
 CYCLE:    55 TIME:   0.312 TIME LEFT:  2.00D  GRAD.:    64.327 HEAT:  733.0170
 CYCLE:    56 TIME:   0.328 TIME LEFT:  2.00D  GRAD.:    80.850 HEAT:  729.5279
 CYCLE:    57 TIME:   0.332 TIME LEFT:  2.00D  GRAD.:   117.618 HEAT:  727.2367
 CYCLE:    58 TIME:   0.242 TIME LEFT:  2.00D  GRAD.:    58.904 HEAT:  724.2872
 CYCLE:    59 TIME:   0.277 TIME LEFT:  2.00D  GRAD.:    75.102 HEAT:  722.7314
 CYCLE:    60 TIME:   0.301 TIME LEFT:  2.00D  GRAD.:   102.007 HEAT:  721.1083
 CYCLE:    61 TIME:   0.242 TIME LEFT:  2.00D  GRAD.:    77.941 HEAT:  718.8796
 CYCLE:    62 TIME:   0.250 TIME LEFT:  2.00D  GRAD.:    56.746 HEAT:  716.8826
 CYCLE:    63 TIME:   0.266 TIME LEFT:  2.00D  GRAD.:    63.063 HEAT:  713.3616
 CYCLE:    64 TIME:   0.336 TIME LEFT:  2.00D  GRAD.:   107.637 HEAT:  710.1147
 CYCLE:    65 TIME:   0.312 TIME LEFT:  2.00D  GRAD.:    82.787 HEAT:  706.6755
 CYCLE:    66 TIME:   0.266 TIME LEFT:  2.00D  GRAD.:    63.110 HEAT:  704.2872
 CYCLE:    67 TIME:   0.301 TIME LEFT:  2.00D  GRAD.:    99.566 HEAT:  701.6298
 CYCLE:    68 TIME:   0.266 TIME LEFT:  2.00D  GRAD.:    82.685 HEAT:  699.5894
 CYCLE:    69 TIME:   0.266 TIME LEFT:  2.00D  GRAD.:    61.950 HEAT:  697.1990
 CYCLE:    70 TIME:   0.262 TIME LEFT:  2.00D  GRAD.:    66.750 HEAT:  694.7075
 CYCLE:    71 TIME:   0.336 TIME LEFT:  2.00D  GRAD.:    75.829 HEAT:  692.4495
 CYCLE:    72 TIME:   0.305 TIME LEFT:  2.00D  GRAD.:    64.838 HEAT:  689.2779
 CYCLE:    73 TIME:   0.305 TIME LEFT:  2.00D  GRAD.:    64.906 HEAT:  686.4450
 CYCLE:    74 TIME:   0.258 TIME LEFT:  2.00D  GRAD.:    51.873 HEAT:  684.2613
 CYCLE:    75 TIME:   0.266 TIME LEFT:  2.00D  GRAD.:    55.649 HEAT:  681.7424
 CYCLE:    76 TIME:   0.297 TIME LEFT:  2.00D  GRAD.:    94.786 HEAT:  678.6302
 CYCLE:    77 TIME:   0.270 TIME LEFT:  2.00D  GRAD.:    70.812 HEAT:  675.4351
 CYCLE:    78 TIME:   0.309 TIME LEFT:  2.00D  GRAD.:    98.403 HEAT:  671.1124
 CYCLE:    79 TIME:   0.305 TIME LEFT:  2.00D  GRAD.:   114.603 HEAT:  664.9190
 CYCLE:    80 TIME:   0.301 TIME LEFT:  2.00D  GRAD.:   130.919 HEAT:  659.2918
 CYCLE:    81 TIME:   0.301 TIME LEFT:  2.00D  GRAD.:   179.698 HEAT:  653.3136
 CYCLE:    82 TIME:   0.262 TIME LEFT:  2.00D  GRAD.:   110.436 HEAT:  647.9366
 CYCLE:    83 TIME:   0.383 TIME LEFT:  2.00D  GRAD.:   190.450 HEAT:  645.6251
 CYCLE:    84 TIME:   0.312 TIME LEFT:  2.00D  GRAD.:   147.923 HEAT:  639.4603
 CYCLE:    85 TIME:   0.242 TIME LEFT:  2.00D  GRAD.:    79.009 HEAT:  635.7508
 CYCLE:    86 TIME:   0.270 TIME LEFT:  2.00D  GRAD.:    89.355 HEAT:  632.4318
 CYCLE:    87 TIME:   0.305 TIME LEFT:  2.00D  GRAD.:   164.806 HEAT:  627.3858
 CYCLE:    88 TIME:   0.266 TIME LEFT:  2.00D  GRAD.:   100.442 HEAT:  622.7442
 CYCLE:    89 TIME:   0.242 TIME LEFT:  2.00D  GRAD.:    76.231 HEAT:  620.5420
 CYCLE:    90 TIME:   0.312 TIME LEFT:  2.00D  GRAD.:    90.914 HEAT:  617.0066
 CYCLE:    91 TIME:   0.305 TIME LEFT:  2.00D  GRAD.:    91.185 HEAT:  612.1460
 CYCLE:    92 TIME:   0.301 TIME LEFT:  2.00D  GRAD.:   109.415 HEAT:  607.4247
 CYCLE:    93 TIME:   0.266 TIME LEFT:  2.00D  GRAD.:    69.740 HEAT:  605.0286
 CYCLE:    94 TIME:   0.309 TIME LEFT:  2.00D  GRAD.:    77.999 HEAT:  602.3645
 CYCLE:    95 TIME:   0.238 TIME LEFT:  2.00D  GRAD.:    80.593 HEAT:  599.4303
 CYCLE:    96 TIME:   0.305 TIME LEFT:  2.00D  GRAD.:    74.278 HEAT:  596.0354
 CYCLE:    97 TIME:   0.262 TIME LEFT:  2.00D  GRAD.:    78.222 HEAT:  593.1014
 CYCLE:    98 TIME:   0.312 TIME LEFT:  2.00D  GRAD.:    73.284 HEAT:  590.1445
 CYCLE:    99 TIME:   0.262 TIME LEFT:  2.00D  GRAD.:    65.411 HEAT:  587.1948
 CYCLE:   100 TIME:   0.297 TIME LEFT:  2.00D  GRAD.:    84.661 HEAT:  582.7088
 CYCLE:   101 TIME:   0.301 TIME LEFT:  2.00D  GRAD.:   120.315 HEAT:  579.2086
 CYCLE:   102 TIME:   0.371 TIME LEFT:  2.00D  GRAD.:   156.435 HEAT:  579.1581
 CYCLE:   103 TIME:   0.301 TIME LEFT:  2.00D  GRAD.:   220.231 HEAT:  585.6980
 CYCLE:   104 TIME:   0.254 TIME LEFT:  2.00D  GRAD.:   432.581 HEAT:  598.1220
 CYCLE:   105 TIME:   0.250 TIME LEFT:  2.00D  GRAD.:   477.156 HEAT:  594.0850
 CYCLE:   106 TIME:   0.293 TIME LEFT:  2.00D  GRAD.:   433.547 HEAT:  610.6844
 CYCLE:   107 TIME:   0.223 TIME LEFT:  2.00D  GRAD.:   561.173 HEAT:  655.7812
 CYCLE:   108 TIME:   0.219 TIME LEFT:  2.00D  GRAD.:   875.057 HEAT:  740.7867
 CYCLE:   109 TIME:   0.219 TIME LEFT:  2.00D  GRAD.:   751.749 HEAT:  686.6042
 CYCLE:   110 TIME:   0.242 TIME LEFT:  2.00D  GRAD.:  1008.801 HEAT:  686.2415
 CYCLE:   111 TIME:   0.227 TIME LEFT:  2.00D  GRAD.:  2183.708 HEAT:  915.0626
 CYCLE:   112 TIME:   0.215 TIME LEFT:  2.00D  GRAD.:  1030.362 HEAT:  664.2008
 CYCLE:   113 TIME:   0.215 TIME LEFT:  2.00D  GRAD.:  1036.095 HEAT:  689.5483
 CYCLE:   114 TIME:   0.270 TIME LEFT:  2.00D  GRAD.:   405.428 HEAT:  599.3856
 CYCLE:   115 TIME:   0.297 TIME LEFT:  2.00D  GRAD.:   250.500 HEAT:  584.9195
 CYCLE:   116 TIME:   0.301 TIME LEFT:  2.00D  GRAD.:   292.191 HEAT:  574.6388
 CYCLE:   117 TIME:   0.336 TIME LEFT:  2.00D  GRAD.:   286.342 HEAT:  574.0281
 CYCLE:   118 TIME:   0.238 TIME LEFT:  2.00D  GRAD.:    93.527 HEAT:  562.7648
 CYCLE:   119 TIME:   0.281 TIME LEFT:  2.00D  GRAD.:   150.497 HEAT:  561.6142
 CYCLE:   120 TIME:   0.219 TIME LEFT:  2.00D  GRAD.:    73.603 HEAT:  559.2009
 CYCLE:   121 TIME:   0.242 TIME LEFT:  2.00D  GRAD.:    64.503 HEAT:  556.6336
 CYCLE:   122 TIME:   0.254 TIME LEFT:  2.00D  GRAD.:    82.744 HEAT:  552.7387
 CYCLE:   123 TIME:   0.305 TIME LEFT:  2.00D  GRAD.:   120.236 HEAT:  548.4804
 CYCLE:   124 TIME:   0.312 TIME LEFT:  2.00D  GRAD.:    77.278 HEAT:  544.6353
 CYCLE:   125 TIME:   0.270 TIME LEFT:  2.00D  GRAD.:    62.922 HEAT:  541.9857
 CYCLE:   126 TIME:   0.258 TIME LEFT:  2.00D  GRAD.:    92.137 HEAT:  536.5159
 CYCLE:   127 TIME:   0.312 TIME LEFT:  2.00D  GRAD.:   143.362 HEAT:  532.8422
 CYCLE:   128 TIME:   0.250 TIME LEFT:  2.00D  GRAD.:    92.378 HEAT:  528.7200
 CYCLE:   129 TIME:   0.309 TIME LEFT:  2.00D  GRAD.:   138.721 HEAT:  525.5672
 CYCLE:   130 TIME:   0.246 TIME LEFT:  2.00D  GRAD.:    90.204 HEAT:  521.6935
 CYCLE:   131 TIME:   0.258 TIME LEFT:  2.00D  GRAD.:    77.739 HEAT:  518.2876
 CYCLE:   132 TIME:   0.258 TIME LEFT:  2.00D  GRAD.:    76.484 HEAT:  514.5534
 CYCLE:   133 TIME:   0.305 TIME LEFT:  2.00D  GRAD.:   129.937 HEAT:  510.5248
 CYCLE:   134 TIME:   0.332 TIME LEFT:  2.00D  GRAD.:   238.600 HEAT:  513.0873
 CYCLE:   135 TIME:   0.262 TIME LEFT:  2.00D  GRAD.:   368.646 HEAT:  528.1310
 CYCLE:   136 TIME:   0.250 TIME LEFT:  2.00D  GRAD.:   503.296 HEAT:  562.4983
 CYCLE:   137 TIME:   0.234 TIME LEFT:  2.00D  GRAD.:   603.410 HEAT:  612.1751
 CYCLE:   138 TIME:   0.234 TIME LEFT:  2.00D  GRAD.:   661.479 HEAT:  670.6077
 CYCLE:   139 TIME:   0.199 TIME LEFT:  2.00D  GRAD.:   616.079 HEAT:  721.3843
 CYCLE:   140 TIME:   0.219 TIME LEFT:  2.00D  GRAD.:  1501.029 HEAT:  1065.500
 CYCLE:   141 TIME:   0.195 TIME LEFT:  2.00D  GRAD.:  1242.268 HEAT:  873.4526
 CYCLE:   142 TIME:   0.203 TIME LEFT:  2.00D  GRAD.:  1117.340 HEAT:  782.2746
 CYCLE:   143 TIME:   0.203 TIME LEFT:  2.00D  GRAD.:  1052.992 HEAT:  724.2924
 CYCLE:   144 TIME:   0.238 TIME LEFT:  2.00D  GRAD.:  1005.033 HEAT:  692.7627
 CYCLE:   145 TIME:   0.227 TIME LEFT:  2.00D  GRAD.:   976.315 HEAT:  687.7783
 CYCLE:   146 TIME:   0.234 TIME LEFT:  2.00D  GRAD.:   889.278 HEAT:  693.3462
 CYCLE:   147 TIME:   0.227 TIME LEFT:  2.00D  GRAD.:   759.168 HEAT:  686.6833
 CYCLE:   148 TIME:   0.219 TIME LEFT:  2.00D  GRAD.:   802.576 HEAT:  713.3339
 CYCLE:   149 TIME:   0.223 TIME LEFT:  2.00D  GRAD.:   838.613 HEAT:  683.2034
