XYZ RAPID MOZYME PM7 LOG PDBOUT
 candidates/nitrofurantoin.pdb

           Empirical Formula: C8 N4 O5   =    17 atoms

   Ion Atom No.           Label               Charge (Distances are between charged sites predicted by Lewis structure theory)
    1   C    4   (ATOM      4  C2  UNK A   1)   +1  (3.1 Angstroms from anion  O   16, Label: ATOM     16  O4  UNK A   1)
    2   C   13   (ATOM     13  CA  UNK A   1)   +1  (2.7 Angstroms from anion  O   17, Label: ATOM     17  O5  UNK A   1)
                                                    (4.0 Angstroms from anion  O   16, Label: ATOM     16  O4  UNK A   1)
    1   O   16   (ATOM     16  O4  UNK A   1)   -1  (3.1 Angstroms from cation  C    4, Label: ATOM      4  C2  UNK A   1)
                                                    (4.0 Angstroms from cation  C   13, Label: ATOM     13  CA  UNK A   1)
    2   O   17   (ATOM     17  O5  UNK A   1)   -1  (2.7 Angstroms from cation  C   13, Label: ATOM     13  CA  UNK A   1)
 CYCLE:     1 TIME:   0.008 TIME LEFT:  2.00D  GRAD.:   785.455 HEAT:  822.0557
 CYCLE:     2 TIME:   0.008 TIME LEFT:  2.00D  GRAD.:   705.273 HEAT:  670.6215
 CYCLE:     3 TIME:   0.012 TIME LEFT:  2.00D  GRAD.:   365.738 HEAT:  440.2897
 CYCLE:     4 TIME:   0.016 TIME LEFT:  2.00D  GRAD.:   692.690 HEAT:  389.7525
 CYCLE:     5 TIME:   0.023 TIME LEFT:  2.00D  GRAD.:   819.332 HEAT:  358.1897
 CYCLE:     6 TIME:   0.027 TIME LEFT:  2.00D  GRAD.:   615.816 HEAT:  332.5441
 CYCLE:     7 TIME:   0.012 TIME LEFT:  2.00D  GRAD.:   476.915 HEAT:  314.2102
 CYCLE:     8 TIME:   0.023 TIME LEFT:  2.00D  GRAD.:   270.204 HEAT:  287.5583
 CYCLE:     9 TIME:   0.031 TIME LEFT:  2.00D  GRAD.:   188.666 HEAT:  277.6052
 CYCLE:    10 TIME:   0.012 TIME LEFT:  2.00D  GRAD.:   119.038 HEAT:  270.7302
 CYCLE:    11 TIME:   0.012 TIME LEFT:  2.00D  GRAD.:   114.240 HEAT:  263.0837
 CYCLE:    12 TIME:   0.012 TIME LEFT:  2.00D  GRAD.:   206.419 HEAT:  257.6065
 CYCLE:    13 TIME:   0.016 TIME LEFT:  2.00D  GRAD.:   240.325 HEAT:  256.0806
 CYCLE:    14 TIME:   0.031 TIME LEFT:  2.00D  GRAD.:   156.351 HEAT:  248.9771
 CYCLE:    15 TIME:   0.012 TIME LEFT:  2.00D  GRAD.:   104.416 HEAT:  245.5649
 CYCLE:    16 TIME:   0.027 TIME LEFT:  2.00D  GRAD.:    96.537 HEAT:  244.0850
 CYCLE:    17 TIME:   0.012 TIME LEFT:  2.00D  GRAD.:    79.436 HEAT:  242.5213
 CYCLE:    18 TIME:   0.016 TIME LEFT:  2.00D  GRAD.:    87.364 HEAT:  241.6899
 CYCLE:    19 TIME:   0.016 TIME LEFT:  2.00D  GRAD.:   100.929 HEAT:  240.8974
 CYCLE:    20 TIME:   0.012 TIME LEFT:  2.00D  GRAD.:    78.898 HEAT:  239.7907
 CYCLE:    21 TIME:   0.023 TIME LEFT:  2.00D  GRAD.:    50.770 HEAT:  238.9891
 CYCLE:    22 TIME:   0.012 TIME LEFT:  2.00D  GRAD.:    32.448 HEAT:  238.4510
 CYCLE:    23 TIME:   0.016 TIME LEFT:  2.00D  GRAD.:    52.015 HEAT:  238.1682
 CYCLE:    24 TIME:   0.012 TIME LEFT:  2.00D  GRAD.:    38.664 HEAT:  237.4752
 CYCLE:    25 TIME:   0.012 TIME LEFT:  2.00D  GRAD.:    47.644 HEAT:  237.1571
 CYCLE:    26 TIME:   0.016 TIME LEFT:  2.00D  GRAD.:    48.817 HEAT:  236.3976
 CYCLE:    27 TIME:   0.012 TIME LEFT:  2.00D  GRAD.:    46.702 HEAT:  236.0273
 CYCLE:    28 TIME:   0.016 TIME LEFT:  2.00D  GRAD.:    57.755 HEAT:  235.2629
 CYCLE:    29 TIME:   0.016 TIME LEFT:  2.00D  GRAD.:    42.651 HEAT:  234.4955
pipeline_temp/nitrofurantoin.temp
 CYCLE:    31 TIME:   0.012 TIME LEFT:  2.00D  GRAD.:    23.041 HEAT:  233.5583
 CYCLE:    32 TIME:   0.012 TIME LEFT:  2.00D  GRAD.:    55.196 HEAT:  233.3373
 CYCLE:    33 TIME:   0.016 TIME LEFT:  2.00D  GRAD.:    25.033 HEAT:  232.3697
 CYCLE:    34 TIME:   0.020 TIME LEFT:  2.00D  GRAD.:    60.752 HEAT:  231.4089
 CYCLE:    35 TIME:   0.016 TIME LEFT:  2.00D  GRAD.:    80.396 HEAT:  228.2883
 CYCLE:    36 TIME:   0.020 TIME LEFT:  2.00D  GRAD.:   111.889 HEAT:  222.8472
 CYCLE:    37 TIME:   0.020 TIME LEFT:  2.00D  GRAD.:   220.628 HEAT:  220.7646
 CYCLE:    38 TIME:   0.027 TIME LEFT:  2.00D  GRAD.:   212.025 HEAT:  218.5615
 CYCLE:    39 TIME:   0.016 TIME LEFT:  2.00D  GRAD.:   165.534 HEAT:  214.4182
 CYCLE:    40 TIME:   0.031 TIME LEFT:  2.00D  GRAD.:   139.105 HEAT:  211.9810
 CYCLE:    41 TIME:   0.012 TIME LEFT:  2.00D  GRAD.:   116.910 HEAT:  211.4262
 CYCLE:    42 TIME:   0.016 TIME LEFT:  2.00D  GRAD.:    48.258 HEAT:  209.0662
 CYCLE:    43 TIME:   0.012 TIME LEFT:  2.00D  GRAD.:    80.968 HEAT:  208.9049
 CYCLE:    44 TIME:   0.016 TIME LEFT:  2.00D  GRAD.:    35.655 HEAT:  206.8330
 CYCLE:    45 TIME:   0.016 TIME LEFT:  2.00D  GRAD.:    51.539 HEAT:  205.2443
 CYCLE:    46 TIME:   0.016 TIME LEFT:  2.00D  GRAD.:    69.346 HEAT:  202.2688
 CYCLE:    47 TIME:   0.020 TIME LEFT:  2.00D  GRAD.:   143.925 HEAT:  199.5235
 CYCLE:    48 TIME:   0.016 TIME LEFT:  2.00D  GRAD.:   105.692 HEAT:  193.2620
 CYCLE:    49 TIME:   0.039 TIME LEFT:  2.00D  GRAD.:   154.427 HEAT:  191.1181
 CYCLE:    50 TIME:   0.012 TIME LEFT:  2.00D  GRAD.:    78.685 HEAT:  187.4257
 CYCLE:    51 TIME:   0.016 TIME LEFT:  2.00D  GRAD.:    89.517 HEAT:  184.8979
 CYCLE:    52 TIME:   0.012 TIME LEFT:  2.00D  GRAD.:    40.961 HEAT:  181.2245
 CYCLE:    53 TIME:   0.016 TIME LEFT:  2.00D  GRAD.:    54.026 HEAT:  179.3042
 CYCLE:    54 TIME:   0.016 TIME LEFT:  2.00D  GRAD.:    49.703 HEAT:  177.7426
 CYCLE:    55 TIME:   0.016 TIME LEFT:  2.00D  GRAD.:    54.653 HEAT:  177.4212
 CYCLE:    56 TIME:   0.012 TIME LEFT:  2.00D  GRAD.:    34.280 HEAT:  176.7095
 CYCLE:    57 TIME:   0.012 TIME LEFT:  2.00D  GRAD.:    36.933 HEAT:  176.5750
 CYCLE:    58 TIME:   0.012 TIME LEFT:  2.00D  GRAD.:    21.191 HEAT:  176.2676
 CYCLE:    59 TIME:   0.012 TIME LEFT:  2.00D  GRAD.:    36.744 HEAT:  176.1156
pipeline_temp/nitrofurantoin.temp
 CYCLE:    61 TIME:   0.016 TIME LEFT:  2.00D  GRAD.:    14.534 HEAT:  175.5953
 CYCLE:    62 TIME:   0.012 TIME LEFT:  2.00D  GRAD.:    13.803 HEAT:  175.4251
 CYCLE:    63 TIME:   0.012 TIME LEFT:  2.00D  GRAD.:     9.024 HEAT:  175.3591
 CYCLE:    64 TIME:   0.012 TIME LEFT:  2.00D  GRAD.:     5.817 HEAT:  175.3457
 CYCLE:    65 TIME:   0.008 TIME LEFT:  2.00D  GRAD.:    11.696 HEAT:  175.3245
 CYCLE:    66 TIME:   0.012 TIME LEFT:  2.00D  GRAD.:     4.379 HEAT:  175.3079
 CYCLE:    67 TIME:   0.008 TIME LEFT:  2.00D  GRAD.:     4.868 HEAT:  175.2910
 CYCLE:    68 TIME:   0.012 TIME LEFT:  2.00D  GRAD.:     6.859 HEAT:  175.2849
 CYCLE:    69 TIME:   0.008 TIME LEFT:  2.00D  GRAD.:     2.580 HEAT:  175.2746
 CYCLE:    70 TIME:   0.008 TIME LEFT:  2.00D  GRAD.:     4.863 HEAT:  175.2632
 CYCLE:    71 TIME:   0.008 TIME LEFT:  2.00D  GRAD.:     3.502 HEAT:  175.2524
 CYCLE:    72 TIME:   0.008 TIME LEFT:  2.00D  GRAD.:     2.242 HEAT:  175.2424
 CYCLE:    73 TIME:   0.012 TIME LEFT:  2.00D  GRAD.:     4.055 HEAT:  175.2213
 CYCLE:    74 TIME:   0.016 TIME LEFT:  2.00D  GRAD.:     8.118 HEAT:  175.1953
 CYCLE:    75 TIME:   0.008 TIME LEFT:  2.00D  GRAD.:     4.037 HEAT:  175.1907
 CYCLE:    76 TIME:   0.012 TIME LEFT:  2.00D  GRAD.:     5.009 HEAT:  175.1737
 CYCLE:    77 TIME:   0.012 TIME LEFT:  2.00D  GRAD.:     6.467 HEAT:  175.1671
 CYCLE:    78 TIME:   0.008 TIME LEFT:  2.00D  GRAD.:     2.928 HEAT:  175.1527
 CYCLE:    79 TIME:   0.012 TIME LEFT:  2.00D  GRAD.:     2.863 HEAT:  175.1354
 CYCLE:    80 TIME:   0.008 TIME LEFT:  2.00D  GRAD.:     5.319 HEAT:  175.0881
 CYCLE:    81 TIME:   0.012 TIME LEFT:  2.00D  GRAD.:     5.249 HEAT:  175.0512
 CYCLE:    82 TIME:   0.016 TIME LEFT:  2.00D  GRAD.:     8.650 HEAT:  174.9803
 CYCLE:    83 TIME:   0.008 TIME LEFT:  2.00D  GRAD.:     7.217 HEAT:  174.9456
 CYCLE:    84 TIME:   0.016 TIME LEFT:  2.00D  GRAD.:    17.082 HEAT:  174.9080
 CYCLE:    85 TIME:   0.012 TIME LEFT:  2.00D  GRAD.:    10.153 HEAT:  174.8238
 CYCLE:    86 TIME:   0.012 TIME LEFT:  2.00D  GRAD.:    17.341 HEAT:  174.7881
 CYCLE:    87 TIME:   0.012 TIME LEFT:  2.00D  GRAD.:     9.195 HEAT:  174.7103
 CYCLE:    88 TIME:   0.012 TIME LEFT:  2.00D  GRAD.:    12.233 HEAT:  174.6536
 CYCLE:    89 TIME:   0.012 TIME LEFT:  2.00D  GRAD.:     9.123 HEAT:  174.6148
pipeline_temp/nitrofurantoin.temp
 CYCLE:    91 TIME:   0.012 TIME LEFT:  2.00D  GRAD.:     4.368 HEAT:  174.5449
 CYCLE:    92 TIME:   0.012 TIME LEFT:  2.00D  GRAD.:     6.433 HEAT:  174.5162
 CYCLE:    93 TIME:   0.012 TIME LEFT:  2.00D  GRAD.:     3.834 HEAT:  174.5028
 CYCLE:    94 TIME:   0.012 TIME LEFT:  2.00D  GRAD.:     6.355 HEAT:  174.4920
 CYCLE:    95 TIME:   0.008 TIME LEFT:  2.00D  GRAD.:     2.302 HEAT:  174.4794
 CYCLE:    96 TIME:   0.008 TIME LEFT:  2.00D  GRAD.:     2.779 HEAT:  174.4800
 CYCLE:    97 TIME:   0.008 TIME LEFT:  2.00D  GRAD.:     2.134 HEAT:  174.4726
 CYCLE:    98 TIME:   0.012 TIME LEFT:  2.00D  GRAD.:     1.126 HEAT:  174.4705
 CYCLE:    99 TIME:   0.008 TIME LEFT:  2.00D  GRAD.:     1.474 HEAT:  174.4655
 CYCLE:   100 TIME:   0.008 TIME LEFT:  2.00D  GRAD.:     2.064 HEAT:  174.4660
 CYCLE:   101 TIME:   0.004 TIME LEFT:  2.00D  GRAD.:     1.416 HEAT:  174.4638
 CYCLE:   102 TIME:   0.008 TIME LEFT:  2.00D  GRAD.:     2.825 HEAT:  174.4626
 CYCLE:   103 TIME:   0.004 TIME LEFT:  2.00D  GRAD.:     1.806 HEAT:  174.4608
 CYCLE:   104 TIME:   0.008 TIME LEFT:  2.00D  GRAD.:     2.104 HEAT:  174.4602
 CYCLE:   105 TIME:   0.004 TIME LEFT:  2.00D  GRAD.:     1.921 HEAT:  174.4583
 CYCLE:   106 TIME:   0.008 TIME LEFT:  2.00D  GRAD.:     1.704 HEAT:  174.4565
 CYCLE:   107 TIME:   0.008 TIME LEFT:  2.00D  GRAD.:     1.037 HEAT:  174.4554
 CYCLE:   108 TIME:   0.004 TIME LEFT:  2.00D  GRAD.:     1.018 HEAT:  174.4534
 CYCLE:   109 TIME:   0.008 TIME LEFT:  2.00D  GRAD.:     0.556 HEAT:  174.4515
