XYZ RAPID MOZYME PM7 LOG PDBOUT
 candidates/pemirolast.pdb

           Empirical Formula: C10 N6 O   =    17 atoms
*REMARK   3 HET = Not identified; C 10 N 6 O         =    17 atoms  res:    1
                     (Includes atom number:    1)

   Ion Atom No.           Label               Charge (Distances are between charged sites predicted by Lewis structure theory)
    1   N    5   (HETATM    5  N4  HET A   1)   +1
    2   C   14   (HETATM   14  C7  HET A   1)   +1

          COMPUTED CHARGE ON SYSTEM: +2
*REMARK   3 HET = Not identified; C 10 N 6 O         =    17 atoms  res:    1
                     (Includes atom number:    1)
 CYCLE:     1 TIME:   0.012 TIME LEFT:  2.00D  GRAD.:   761.450 HEAT:  1425.967
 CYCLE:     2 TIME:   0.012 TIME LEFT:  2.00D  GRAD.:   703.795 HEAT:  1275.843
 CYCLE:     3 TIME:   0.012 TIME LEFT:  2.00D  GRAD.:   326.985 HEAT:  1080.440
 CYCLE:     4 TIME:   0.031 TIME LEFT:  2.00D  GRAD.:   309.322 HEAT:  1045.115
 CYCLE:     5 TIME:   0.016 TIME LEFT:  2.00D  GRAD.:   256.324 HEAT:  1018.882
 CYCLE:     6 TIME:   0.020 TIME LEFT:  2.00D  GRAD.:   493.959 HEAT:  1018.732
 CYCLE:     7 TIME:   0.031 TIME LEFT:  2.00D  GRAD.:   253.191 HEAT:  993.9704
 CYCLE:     8 TIME:   0.016 TIME LEFT:  2.00D  GRAD.:   272.455 HEAT:  988.3956
 CYCLE:     9 TIME:   0.020 TIME LEFT:  2.00D  GRAD.:   287.219 HEAT:  984.2011
 CYCLE:    10 TIME:   0.027 TIME LEFT:  2.00D  GRAD.:   171.065 HEAT:  975.3921
 CYCLE:    11 TIME:   0.016 TIME LEFT:  2.00D  GRAD.:   149.238 HEAT:  973.3316
 CYCLE:    12 TIME:   0.016 TIME LEFT:  2.00D  GRAD.:   182.900 HEAT:  973.1337
 CYCLE:    13 TIME:   0.020 TIME LEFT:  2.00D  GRAD.:   197.795 HEAT:  972.0968
 CYCLE:    14 TIME:   0.012 TIME LEFT:  2.00D  GRAD.:   111.733 HEAT:  968.9328
 CYCLE:    15 TIME:   0.031 TIME LEFT:  2.00D  GRAD.:    63.520 HEAT:  966.7382
 CYCLE:    16 TIME:   0.027 TIME LEFT:  2.00D  GRAD.:    46.244 HEAT:  966.0818
 CYCLE:    17 TIME:   0.012 TIME LEFT:  2.00D  GRAD.:    41.356 HEAT:  965.4078
 CYCLE:    18 TIME:   0.012 TIME LEFT:  2.00D  GRAD.:    58.257 HEAT:  964.7348
 CYCLE:    19 TIME:   0.016 TIME LEFT:  2.00D  GRAD.:    90.854 HEAT:  964.2453
 CYCLE:    20 TIME:   0.012 TIME LEFT:  2.00D  GRAD.:    80.669 HEAT:  963.0407
 CYCLE:    21 TIME:   0.016 TIME LEFT:  2.00D  GRAD.:    36.345 HEAT:  961.4157
 CYCLE:    22 TIME:   0.016 TIME LEFT:  2.00D  GRAD.:    95.272 HEAT:  960.7434
 CYCLE:    23 TIME:   0.016 TIME LEFT:  2.00D  GRAD.:    44.985 HEAT:  957.4309
 CYCLE:    24 TIME:   0.016 TIME LEFT:  2.00D  GRAD.:   103.131 HEAT:  956.0252
 CYCLE:    25 TIME:   0.016 TIME LEFT:  2.00D  GRAD.:    82.144 HEAT:  951.3830
 CYCLE:    26 TIME:   0.016 TIME LEFT:  2.00D  GRAD.:   144.862 HEAT:  951.2558
 CYCLE:    27 TIME:   0.016 TIME LEFT:  2.00D  GRAD.:    93.474 HEAT:  946.1281
 CYCLE:    28 TIME:   0.047 TIME LEFT:  2.00D  GRAD.:    64.606 HEAT:  944.1110
 CYCLE:    29 TIME:   0.016 TIME LEFT:  2.00D  GRAD.:    48.429 HEAT:  943.1464
pipeline_temp/pemirolast.temp
 CYCLE:    31 TIME:   0.016 TIME LEFT:  2.00D  GRAD.:    37.378 HEAT:  941.3340
 CYCLE:    32 TIME:   0.016 TIME LEFT:  2.00D  GRAD.:    56.613 HEAT:  940.9335
 CYCLE:    33 TIME:   0.016 TIME LEFT:  2.00D  GRAD.:    87.121 HEAT:  940.5498
 CYCLE:    34 TIME:   0.016 TIME LEFT:  2.00D  GRAD.:    72.833 HEAT:  939.5982
 CYCLE:    35 TIME:   0.016 TIME LEFT:  2.00D  GRAD.:    80.964 HEAT:  938.9302
 CYCLE:    36 TIME:   0.027 TIME LEFT:  2.00D  GRAD.:    85.011 HEAT:  938.6894
 CYCLE:    37 TIME:   0.016 TIME LEFT:  2.00D  GRAD.:    53.146 HEAT:  937.7747
 CYCLE:    38 TIME:   0.012 TIME LEFT:  2.00D  GRAD.:    54.449 HEAT:  937.5605
 CYCLE:    39 TIME:   0.016 TIME LEFT:  2.00D  GRAD.:    27.189 HEAT:  936.5801
 CYCLE:    40 TIME:   0.012 TIME LEFT:  2.00D  GRAD.:    39.144 HEAT:  936.1587
 CYCLE:    41 TIME:   0.016 TIME LEFT:  2.00D  GRAD.:    18.331 HEAT:  935.1921
 CYCLE:    42 TIME:   0.016 TIME LEFT:  2.00D  GRAD.:    28.639 HEAT:  934.2379
 CYCLE:    43 TIME:   0.016 TIME LEFT:  2.00D  GRAD.:    40.623 HEAT:  933.3948
 CYCLE:    44 TIME:   0.020 TIME LEFT:  2.00D  GRAD.:    57.032 HEAT:  933.0626
 CYCLE:    45 TIME:   0.016 TIME LEFT:  2.00D  GRAD.:    48.953 HEAT:  932.6507
 CYCLE:    46 TIME:   0.031 TIME LEFT:  2.00D  GRAD.:    30.463 HEAT:  932.4501
 CYCLE:    47 TIME:   0.012 TIME LEFT:  2.00D  GRAD.:    14.656 HEAT:  932.1644
 CYCLE:    48 TIME:   0.016 TIME LEFT:  2.00D  GRAD.:    18.091 HEAT:  932.0390
 CYCLE:    49 TIME:   0.012 TIME LEFT:  2.00D  GRAD.:     9.981 HEAT:  931.9080
 CYCLE:    50 TIME:   0.016 TIME LEFT:  2.00D  GRAD.:    17.070 HEAT:  931.6059
 CYCLE:    51 TIME:   0.016 TIME LEFT:  2.00D  GRAD.:    14.302 HEAT:  931.2964
 CYCLE:    52 TIME:   0.016 TIME LEFT:  2.00D  GRAD.:    32.869 HEAT:  930.6373
 CYCLE:    53 TIME:   0.020 TIME LEFT:  2.00D  GRAD.:    79.088 HEAT:  929.4578
 CYCLE:    54 TIME:   0.055 TIME LEFT:  2.00D  GRAD.:   110.087 HEAT:  928.9506
 CYCLE:    55 TIME:   0.016 TIME LEFT:  2.00D  GRAD.:   109.518 HEAT:  927.1561
 CYCLE:    56 TIME:   0.020 TIME LEFT:  2.00D  GRAD.:   188.805 HEAT:  925.9568
 CYCLE:    57 TIME:   0.016 TIME LEFT:  2.00D  GRAD.:    88.267 HEAT:  920.6933
 CYCLE:    58 TIME:   0.047 TIME LEFT:  2.00D  GRAD.:    63.797 HEAT:  919.1914
 CYCLE:    59 TIME:   0.016 TIME LEFT:  2.00D  GRAD.:    69.813 HEAT:  918.5854
pipeline_temp/pemirolast.temp
 CYCLE:    61 TIME:   0.016 TIME LEFT:  2.00D  GRAD.:    31.593 HEAT:  917.6882
 CYCLE:    62 TIME:   0.016 TIME LEFT:  2.00D  GRAD.:    28.996 HEAT:  917.4922
 CYCLE:    63 TIME:   0.012 TIME LEFT:  2.00D  GRAD.:    27.559 HEAT:  917.0052
 CYCLE:    64 TIME:   0.016 TIME LEFT:  2.00D  GRAD.:    22.704 HEAT:  916.7507
 CYCLE:    65 TIME:   0.039 TIME LEFT:  2.00D  GRAD.:    19.893 HEAT:  916.6078
 CYCLE:    66 TIME:   0.016 TIME LEFT:  2.00D  GRAD.:    14.378 HEAT:  916.4213
 CYCLE:    67 TIME:   0.012 TIME LEFT:  2.00D  GRAD.:    11.116 HEAT:  916.2870
 CYCLE:    68 TIME:   0.012 TIME LEFT:  2.00D  GRAD.:    15.259 HEAT:  916.1945
 CYCLE:    69 TIME:   0.016 TIME LEFT:  2.00D  GRAD.:     7.491 HEAT:  916.1219
 CYCLE:    70 TIME:   0.012 TIME LEFT:  2.00D  GRAD.:    13.002 HEAT:  916.0892
 CYCLE:    71 TIME:   0.008 TIME LEFT:  2.00D  GRAD.:     8.653 HEAT:  916.0214
 CYCLE:    72 TIME:   0.012 TIME LEFT:  2.00D  GRAD.:     6.016 HEAT:  915.9854
 CYCLE:    73 TIME:   0.016 TIME LEFT:  2.00D  GRAD.:    10.209 HEAT:  915.9255
 CYCLE:    74 TIME:   0.012 TIME LEFT:  2.00D  GRAD.:     7.059 HEAT:  915.8993
 CYCLE:    75 TIME:   0.012 TIME LEFT:  2.00D  GRAD.:     7.754 HEAT:  915.8718
 CYCLE:    76 TIME:   0.008 TIME LEFT:  2.00D  GRAD.:     4.948 HEAT:  915.8550
 CYCLE:    77 TIME:   0.012 TIME LEFT:  2.00D  GRAD.:     4.282 HEAT:  915.8536
 CYCLE:    78 TIME:   0.008 TIME LEFT:  2.00D  GRAD.:     2.426 HEAT:  915.8440
 CYCLE:    79 TIME:   0.008 TIME LEFT:  2.00D  GRAD.:     3.431 HEAT:  915.8434
 CYCLE:    80 TIME:   0.004 TIME LEFT:  2.00D  GRAD.:     3.030 HEAT:  915.8415
 CYCLE:    81 TIME:   0.008 TIME LEFT:  2.00D  GRAD.:     3.609 HEAT:  915.8424
 CYCLE:    82 TIME:   0.012 TIME LEFT:  2.00D  GRAD.:     2.499 HEAT:  915.8376
 CYCLE:    83 TIME:   0.008 TIME LEFT:  2.00D  GRAD.:     2.309 HEAT:  915.8364
 CYCLE:    84 TIME:   0.004 TIME LEFT:  2.00D  GRAD.:     1.318 HEAT:  915.8346
 CYCLE:    85 TIME:   0.008 TIME LEFT:  2.00D  GRAD.:     2.011 HEAT:  915.8346
 CYCLE:    86 TIME:   0.008 TIME LEFT:  2.00D  GRAD.:     1.432 HEAT:  915.8335
 CYCLE:    87 TIME:   0.008 TIME LEFT:  2.00D  GRAD.:     1.457 HEAT:  915.8326
 CYCLE:    88 TIME:   0.004 TIME LEFT:  2.00D  GRAD.:     1.420 HEAT:  915.8323
 CYCLE:    89 TIME:   0.008 TIME LEFT:  2.00D  GRAD.:     0.875 HEAT:  915.8314
