XYZ RAPID MOZYME PM7 LOG PDBOUT
 candidates/quercitin.pdb

           Empirical Formula: C15 O7   =    22 atoms
*REMARK   3 HET = Not identified; C 15 O 7           =    22 atoms  res:    1
                     (Includes atom number:    1)

   Ion Atom No.           Label               Charge (Distances are between charged sites predicted by Lewis structure theory)
    1   C    1   (HETATM    1  C1  HET A   1)   -1
    2   C   15   (HETATM   15  C15 HET A   1)   -1
    3   O   17   (HETATM   17  O2  HET A   1)   -1
    4   O   18   (HETATM   18  O3  HET A   1)   -1
    5   O   19   (HETATM   19  O4  HET A   1)   -1
    6   O   20   (HETATM   20  O5  HET A   1)   -1
    7   O   21   (HETATM   21  O6  HET A   1)   -1
    8   O   22   (HETATM   22  O7  HET A   1)   -1

          COMPUTED CHARGE ON SYSTEM: -8
*REMARK   3 HET = Not identified; C 15 O 7           =    22 atoms  res:    1
                     (Includes atom number:    1)
 CYCLE:     1 TIME:   0.012 TIME LEFT:  2.00D  GRAD.:   624.267 HEAT:  2043.959
 CYCLE:     2 TIME:   0.023 TIME LEFT:  2.00D  GRAD.:   529.666 HEAT:  1926.995
 CYCLE:     3 TIME:   0.023 TIME LEFT:  2.00D  GRAD.:   279.576 HEAT:  1763.337
 CYCLE:     4 TIME:   0.039 TIME LEFT:  2.00D  GRAD.:   403.713 HEAT:  1721.331
 CYCLE:     5 TIME:   0.082 TIME LEFT:  2.00D  GRAD.:   232.736 HEAT:  1694.889
 CYCLE:     6 TIME:   0.062 TIME LEFT:  2.00D  GRAD.:   149.548 HEAT:  1683.051
 CYCLE:     7 TIME:   0.070 TIME LEFT:  2.00D  GRAD.:    73.704 HEAT:  1677.950
 CYCLE:     8 TIME:   0.039 TIME LEFT:  2.00D  GRAD.:   103.375 HEAT:  1675.201
 CYCLE:     9 TIME:   0.035 TIME LEFT:  2.00D  GRAD.:    90.763 HEAT:  1671.942
 CYCLE:    10 TIME:   0.066 TIME LEFT:  2.00D  GRAD.:    71.923 HEAT:  1670.375
 CYCLE:    11 TIME:   0.031 TIME LEFT:  2.00D  GRAD.:    59.813 HEAT:  1669.062
 CYCLE:    12 TIME:   0.027 TIME LEFT:  2.00D  GRAD.:    69.782 HEAT:  1668.082
 CYCLE:    13 TIME:   0.035 TIME LEFT:  2.00D  GRAD.:    73.275 HEAT:  1667.497
 CYCLE:    14 TIME:   0.031 TIME LEFT:  2.00D  GRAD.:    72.227 HEAT:  1666.507
 CYCLE:    15 TIME:   0.059 TIME LEFT:  2.00D  GRAD.:    58.781 HEAT:  1665.956
 CYCLE:    16 TIME:   0.031 TIME LEFT:  2.00D  GRAD.:    41.315 HEAT:  1665.216
 CYCLE:    17 TIME:   0.059 TIME LEFT:  2.00D  GRAD.:    37.451 HEAT:  1664.945
 CYCLE:    18 TIME:   0.027 TIME LEFT:  2.00D  GRAD.:    23.743 HEAT:  1664.508
 CYCLE:    19 TIME:   0.027 TIME LEFT:  2.00D  GRAD.:    45.476 HEAT:  1664.427
 CYCLE:    20 TIME:   0.027 TIME LEFT:  2.00D  GRAD.:    33.760 HEAT:  1663.898
 CYCLE:    21 TIME:   0.051 TIME LEFT:  2.00D  GRAD.:    29.988 HEAT:  1663.696
 CYCLE:    22 TIME:   0.023 TIME LEFT:  2.00D  GRAD.:    15.263 HEAT:  1663.283
 CYCLE:    23 TIME:   0.027 TIME LEFT:  2.00D  GRAD.:    44.912 HEAT:  1663.189
 CYCLE:    24 TIME:   0.031 TIME LEFT:  2.00D  GRAD.:    45.241 HEAT:  1662.714
 CYCLE:    25 TIME:   0.059 TIME LEFT:  2.00D  GRAD.:    39.756 HEAT:  1662.558
 CYCLE:    26 TIME:   0.027 TIME LEFT:  2.00D  GRAD.:    35.371 HEAT:  1662.201
 CYCLE:    27 TIME:   0.031 TIME LEFT:  2.00D  GRAD.:    39.424 HEAT:  1662.029
 CYCLE:    28 TIME:   0.027 TIME LEFT:  2.00D  GRAD.:    37.243 HEAT:  1661.744
 CYCLE:    29 TIME:   0.051 TIME LEFT:  2.00D  GRAD.:    18.017 HEAT:  1661.434
pipeline_temp/quercitin.temp
 CYCLE:    31 TIME:   0.027 TIME LEFT:  2.00D  GRAD.:    16.651 HEAT:  1661.060
 CYCLE:    32 TIME:   0.047 TIME LEFT:  2.00D  GRAD.:    19.709 HEAT:  1660.984
 CYCLE:    33 TIME:   0.023 TIME LEFT:  2.00D  GRAD.:     9.001 HEAT:  1660.772
 CYCLE:    34 TIME:   0.027 TIME LEFT:  2.00D  GRAD.:    19.474 HEAT:  1660.574
 CYCLE:    35 TIME:   0.027 TIME LEFT:  2.00D  GRAD.:    14.626 HEAT:  1660.159
 CYCLE:    36 TIME:   0.027 TIME LEFT:  2.00D  GRAD.:    29.091 HEAT:  1659.709
 CYCLE:    37 TIME:   0.035 TIME LEFT:  2.00D  GRAD.:    31.489 HEAT:  1658.928
 CYCLE:    38 TIME:   0.082 TIME LEFT:  2.00D  GRAD.:    33.147 HEAT:  1658.860
 CYCLE:    39 TIME:   0.027 TIME LEFT:  2.00D  GRAD.:    23.880 HEAT:  1658.474
 CYCLE:    40 TIME:   0.031 TIME LEFT:  2.00D  GRAD.:    25.527 HEAT:  1658.278
 CYCLE:    41 TIME:   0.027 TIME LEFT:  2.00D  GRAD.:     9.940 HEAT:  1657.893
 CYCLE:    42 TIME:   0.027 TIME LEFT:  2.00D  GRAD.:    26.131 HEAT:  1657.864
 CYCLE:    43 TIME:   0.027 TIME LEFT:  2.00D  GRAD.:    13.730 HEAT:  1657.624
 CYCLE:    44 TIME:   0.051 TIME LEFT:  2.00D  GRAD.:     9.749 HEAT:  1657.591
 CYCLE:    45 TIME:   0.023 TIME LEFT:  2.00D  GRAD.:     6.128 HEAT:  1657.553
 CYCLE:    46 TIME:   0.062 TIME LEFT:  2.00D  GRAD.:     3.363 HEAT:  1657.544
 CYCLE:    47 TIME:   0.012 TIME LEFT:  2.00D  GRAD.:     3.759 HEAT:  1657.543
 CYCLE:    48 TIME:   0.023 TIME LEFT:  2.00D  GRAD.:     3.669 HEAT:  1657.539
 CYCLE:    49 TIME:   0.020 TIME LEFT:  2.00D  GRAD.:     2.320 HEAT:  1657.539
 CYCLE:    50 TIME:   0.020 TIME LEFT:  2.00D  GRAD.:     1.841 HEAT:  1657.536
 CYCLE:    51 TIME:   0.016 TIME LEFT:  2.00D  GRAD.:     3.456 HEAT:  1657.538
 CYCLE:    52 TIME:   0.012 TIME LEFT:  2.00D  GRAD.:     2.156 HEAT:  1657.536
 CYCLE:    53 TIME:   0.016 TIME LEFT:  2.00D  GRAD.:     2.568 HEAT:  1657.536
 CYCLE:    54 TIME:   0.016 TIME LEFT:  2.00D  GRAD.:     1.869 HEAT:  1657.536
 CYCLE:    55 TIME:   0.012 TIME LEFT:  2.00D  GRAD.:     2.420 HEAT:  1657.536
 CYCLE:    56 TIME:   0.016 TIME LEFT:  2.00D  GRAD.:     1.730 HEAT:  1657.536
 CYCLE:    57 TIME:   0.016 TIME LEFT:  2.00D  GRAD.:     3.235 HEAT:  1657.537
 CYCLE:    58 TIME:   0.012 TIME LEFT:  2.00D  GRAD.:     1.667 HEAT:  1657.535
 CYCLE:    59 TIME:   0.012 TIME LEFT:  2.00D  GRAD.:     3.112 HEAT:  1657.537
pipeline_temp/quercitin.temp
 CYCLE:    61 TIME:   0.016 TIME LEFT:  2.00D  GRAD.:     2.020 HEAT:  1657.536
 CYCLE:    62 TIME:   0.012 TIME LEFT:  2.00D  GRAD.:     1.972 HEAT:  1657.535
 CYCLE:    63 TIME:   0.016 TIME LEFT:  2.00D  GRAD.:     2.785 HEAT:  1657.537
 CYCLE:    64 TIME:   0.016 TIME LEFT:  2.00D  GRAD.:     1.271 HEAT:  1657.535
 CYCLE:    65 TIME:   0.012 TIME LEFT:  2.00D  GRAD.:     2.049 HEAT:  1657.536
 CYCLE:    66 TIME:   0.016 TIME LEFT:  2.00D  GRAD.:     1.804 HEAT:  1657.535
 CYCLE:    67 TIME:   0.016 TIME LEFT:  2.00D  GRAD.:     2.282 HEAT:  1657.536
 CYCLE:    68 TIME:   0.012 TIME LEFT:  2.00D  GRAD.:     0.974 HEAT:  1657.534
