XYZ RAPID MOZYME PM7 LOG PDBOUT
 candidates/vidarabine.pdb

           Empirical Formula: C10 N5 O4   =    19 atoms
*REMARK   3 HET = Not identified; C 10 N 5 O 4       =    19 atoms  res:    1
                     (Includes atom number:    1)

   Ion Atom No.           Label               Charge (Distances are between charged sites predicted by Lewis structure theory)
    1   N    9   (HETATM    9  N5  HET A   1)   +1  (7.1 Angstroms from anion  O    2, Label: HETATM    2  O2  HET A   1)
    2   C   16   (HETATM   16  C7  HET A   1)   +1  (4.9 Angstroms from anion  O    2, Label: HETATM    2  O2  HET A   1)
    1   O    2   (HETATM    2  O2  HET A   1)   -1  (4.9 Angstroms from cation  C   16, Label: HETATM   16  C7  HET A   1)

          COMPUTED CHARGE ON SYSTEM: +1
*REMARK   3 HET = Not identified; C 10 N 5 O 4       =    19 atoms  res:    1
                     (Includes atom number:    1)
 CYCLE:     1 TIME:   0.012 TIME LEFT:  2.00D  GRAD.:   841.007 HEAT:  984.5419
 CYCLE:     2 TIME:   0.012 TIME LEFT:  2.00D  GRAD.:   772.691 HEAT:  819.6690
 CYCLE:     3 TIME:   0.016 TIME LEFT:  2.00D  GRAD.:   388.387 HEAT:  595.3095
 CYCLE:     4 TIME:   0.031 TIME LEFT:  2.00D  GRAD.:   778.598 HEAT:  581.1773
 CYCLE:     5 TIME:   0.043 TIME LEFT:  2.00D  GRAD.:   373.529 HEAT:  510.4589
 CYCLE:     6 TIME:   0.027 TIME LEFT:  2.00D  GRAD.:   681.362 HEAT:  500.5273
 CYCLE:     7 TIME:   0.020 TIME LEFT:  2.00D  GRAD.:   551.210 HEAT:  452.7796
 CYCLE:     8 TIME:   0.039 TIME LEFT:  2.00D  GRAD.:   338.464 HEAT:  413.4996
 CYCLE:     9 TIME:   0.020 TIME LEFT:  2.00D  GRAD.:   434.214 HEAT:  389.6873
 CYCLE:    10 TIME:   0.035 TIME LEFT:  2.00D  GRAD.:   327.887 HEAT:  376.5448
 CYCLE:    11 TIME:   0.020 TIME LEFT:  2.00D  GRAD.:   215.406 HEAT:  364.9726
 CYCLE:    12 TIME:   0.016 TIME LEFT:  2.00D  GRAD.:   243.159 HEAT:  358.5535
 CYCLE:    13 TIME:   0.020 TIME LEFT:  2.00D  GRAD.:   313.118 HEAT:  355.9731
 CYCLE:    14 TIME:   0.016 TIME LEFT:  2.00D  GRAD.:   204.458 HEAT:  346.7989
 CYCLE:    15 TIME:   0.039 TIME LEFT:  2.00D  GRAD.:   178.867 HEAT:  343.9262
 CYCLE:    16 TIME:   0.020 TIME LEFT:  2.00D  GRAD.:   226.779 HEAT:  342.5704
 CYCLE:    17 TIME:   0.016 TIME LEFT:  2.00D  GRAD.:    91.346 HEAT:  335.8549
 CYCLE:    18 TIME:   0.039 TIME LEFT:  2.00D  GRAD.:   120.740 HEAT:  334.8629
 CYCLE:    19 TIME:   0.016 TIME LEFT:  2.00D  GRAD.:    60.762 HEAT:  331.5381
 CYCLE:    20 TIME:   0.023 TIME LEFT:  2.00D  GRAD.:   164.386 HEAT:  331.3454
 CYCLE:    21 TIME:   0.016 TIME LEFT:  2.00D  GRAD.:   129.580 HEAT:  326.7988
 CYCLE:    22 TIME:   0.051 TIME LEFT:  2.00D  GRAD.:    55.716 HEAT:  324.6299
 CYCLE:    23 TIME:   0.016 TIME LEFT:  2.00D  GRAD.:    40.518 HEAT:  323.5879
 CYCLE:    24 TIME:   0.016 TIME LEFT:  2.00D  GRAD.:    30.616 HEAT:  322.1656
 CYCLE:    25 TIME:   0.020 TIME LEFT:  2.00D  GRAD.:    66.459 HEAT:  320.4011
 CYCLE:    26 TIME:   0.020 TIME LEFT:  2.00D  GRAD.:    84.559 HEAT:  319.1129
 CYCLE:    27 TIME:   0.035 TIME LEFT:  2.00D  GRAD.:    88.885 HEAT:  318.8560
 CYCLE:    28 TIME:   0.020 TIME LEFT:  2.00D  GRAD.:    81.925 HEAT:  317.9771
 CYCLE:    29 TIME:   0.035 TIME LEFT:  2.00D  GRAD.:    51.868 HEAT:  316.9745
pipeline_temp/vidarabine.temp
 CYCLE:    31 TIME:   0.016 TIME LEFT:  2.00D  GRAD.:    38.319 HEAT:  316.3755
 CYCLE:    32 TIME:   0.035 TIME LEFT:  2.00D  GRAD.:    35.054 HEAT:  316.1709
 CYCLE:    33 TIME:   0.016 TIME LEFT:  2.00D  GRAD.:    26.345 HEAT:  315.9749
 CYCLE:    34 TIME:   0.016 TIME LEFT:  2.00D  GRAD.:    30.282 HEAT:  315.7935
 CYCLE:    35 TIME:   0.016 TIME LEFT:  2.00D  GRAD.:    42.004 HEAT:  315.7014
 CYCLE:    36 TIME:   0.016 TIME LEFT:  2.00D  GRAD.:    48.927 HEAT:  315.6349
 CYCLE:    37 TIME:   0.016 TIME LEFT:  2.00D  GRAD.:    51.239 HEAT:  315.6035
 CYCLE:    38 TIME:   0.016 TIME LEFT:  2.00D  GRAD.:    33.635 HEAT:  315.2720
 CYCLE:    39 TIME:   0.035 TIME LEFT:  2.00D  GRAD.:    17.122 HEAT:  315.0555
 CYCLE:    40 TIME:   0.012 TIME LEFT:  2.00D  GRAD.:    17.636 HEAT:  314.9447
 CYCLE:    41 TIME:   0.016 TIME LEFT:  2.00D  GRAD.:    16.079 HEAT:  314.7722
 CYCLE:    42 TIME:   0.020 TIME LEFT:  2.00D  GRAD.:    22.958 HEAT:  314.5596
 CYCLE:    43 TIME:   0.016 TIME LEFT:  2.00D  GRAD.:    22.963 HEAT:  314.3372
 CYCLE:    44 TIME:   0.016 TIME LEFT:  2.00D  GRAD.:    32.644 HEAT:  314.2746
 CYCLE:    45 TIME:   0.016 TIME LEFT:  2.00D  GRAD.:     8.337 HEAT:  314.0541
 CYCLE:    46 TIME:   0.031 TIME LEFT:  2.00D  GRAD.:    13.302 HEAT:  314.0509
 CYCLE:    47 TIME:   0.016 TIME LEFT:  2.00D  GRAD.:     8.101 HEAT:  313.9994
 CYCLE:    48 TIME:   0.027 TIME LEFT:  2.00D  GRAD.:    11.879 HEAT:  313.9940
 CYCLE:    49 TIME:   0.012 TIME LEFT:  2.00D  GRAD.:     3.924 HEAT:  313.9697
 CYCLE:    50 TIME:   0.012 TIME LEFT:  2.00D  GRAD.:     4.669 HEAT:  313.9594
 CYCLE:    51 TIME:   0.012 TIME LEFT:  2.00D  GRAD.:     3.428 HEAT:  313.9449
 CYCLE:    52 TIME:   0.012 TIME LEFT:  2.00D  GRAD.:     4.457 HEAT:  313.9326
 CYCLE:    53 TIME:   0.016 TIME LEFT:  2.00D  GRAD.:     2.225 HEAT:  313.9164
 CYCLE:    54 TIME:   0.012 TIME LEFT:  2.00D  GRAD.:     2.768 HEAT:  313.9067
 CYCLE:    55 TIME:   0.008 TIME LEFT:  2.00D  GRAD.:     3.826 HEAT:  313.9084
 CYCLE:    56 TIME:   0.012 TIME LEFT:  2.00D  GRAD.:     2.340 HEAT:  313.9001
 CYCLE:    57 TIME:   0.012 TIME LEFT:  2.00D  GRAD.:     2.769 HEAT:  313.8999
 CYCLE:    58 TIME:   0.012 TIME LEFT:  2.00D  GRAD.:     2.431 HEAT:  313.8944
 CYCLE:    59 TIME:   0.008 TIME LEFT:  2.00D  GRAD.:     2.497 HEAT:  313.8924
pipeline_temp/vidarabine.temp
 CYCLE:    61 TIME:   0.008 TIME LEFT:  2.00D  GRAD.:     3.264 HEAT:  313.8888
 CYCLE:    62 TIME:   0.016 TIME LEFT:  2.00D  GRAD.:     1.875 HEAT:  313.8836
 CYCLE:    63 TIME:   0.012 TIME LEFT:  2.00D  GRAD.:     1.699 HEAT:  313.8803
 CYCLE:    64 TIME:   0.008 TIME LEFT:  2.00D  GRAD.:     1.731 HEAT:  313.8792
 CYCLE:    65 TIME:   0.008 TIME LEFT:  2.00D  GRAD.:     2.969 HEAT:  313.8810
 CYCLE:    66 TIME:   0.008 TIME LEFT:  2.00D  GRAD.:     2.268 HEAT:  313.8790
 CYCLE:    67 TIME:   0.008 TIME LEFT:  2.00D  GRAD.:     2.588 HEAT:  313.8796
 CYCLE:    68 TIME:   0.008 TIME LEFT:  2.00D  GRAD.:     3.159 HEAT:  313.8791
 CYCLE:    69 TIME:   0.008 TIME LEFT:  2.00D  GRAD.:     3.265 HEAT:  313.8800
 CYCLE:    70 TIME:   0.012 TIME LEFT:  2.00D  GRAD.:     3.373 HEAT:  313.8795
 CYCLE:    71 TIME:   0.008 TIME LEFT:  2.00D  GRAD.:     3.491 HEAT:  313.8790
 CYCLE:    72 TIME:   0.008 TIME LEFT:  2.00D  GRAD.:     2.566 HEAT:  313.8774
 CYCLE:    73 TIME:   0.012 TIME LEFT:  2.00D  GRAD.:     2.967 HEAT:  313.8778
 CYCLE:    74 TIME:   0.008 TIME LEFT:  2.00D  GRAD.:     1.739 HEAT:  313.8757
 CYCLE:    75 TIME:   0.008 TIME LEFT:  2.00D  GRAD.:     1.902 HEAT:  313.8751
 CYCLE:    76 TIME:   0.008 TIME LEFT:  2.00D  GRAD.:     2.116 HEAT:  313.8752
 CYCLE:    77 TIME:   0.008 TIME LEFT:  2.00D  GRAD.:     1.481 HEAT:  313.8742
 CYCLE:    78 TIME:   0.008 TIME LEFT:  2.00D  GRAD.:     1.076 HEAT:  313.8734
 CYCLE:    79 TIME:   0.012 TIME LEFT:  2.00D  GRAD.:     1.887 HEAT:  313.8738
 CYCLE:    80 TIME:   0.008 TIME LEFT:  2.00D  GRAD.:     1.133 HEAT:  313.8728
 CYCLE:    81 TIME:   0.008 TIME LEFT:  2.00D  GRAD.:     0.885 HEAT:  313.8723
