XYZ RAPID MOZYME PM7 LOG PDBOUT
 candidates/vildagliptin.pdb

           Empirical Formula: C17 N3 O2   =    22 atoms

   Ion Atom No.           Label               Charge (Distances are between charged sites predicted by Lewis structure theory)
    1   C   11   (ATOM     11  C6  UNK A   1)   +1  (3.3 Angstroms from anion  C   14, Label: ATOM     14  C9  UNK A   1)
                                                    (4.5 Angstroms from anion  O    1, Label: ATOM      1  O   UNK A   1)
    2   C   20   (ATOM     20  CG  UNK A   2)   +1  (5.1 Angstroms from anion  O    2, Label: ATOM      2  O   GLY A   1)
    1   O    1   (ATOM      1  O   UNK A   1)   -1  (4.5 Angstroms from cation  C   11, Label: ATOM     11  C6  UNK A   1)
    2   O    2   (ATOM      2  O   GLY A   1)   -1  (5.1 Angstroms from cation  C   20, Label: ATOM     20  CG  UNK A   2)
    3   C   14   (ATOM     14  C9  UNK A   1)   -1  (3.3 Angstroms from cation  C   11, Label: ATOM     11  C6  UNK A   1)

          COMPUTED CHARGE ON SYSTEM: -1
 CYCLE:     1 TIME:   0.016 TIME LEFT:  2.00D  GRAD.: 35386.914 HEAT:  6176.247
 CYCLE:     2 TIME:   0.016 TIME LEFT:  2.00D  GRAD.:  7267.911 HEAT:  3719.947
 CYCLE:     3 TIME:   0.016 TIME LEFT:  2.00D  GRAD.:  4730.520 HEAT:  2704.663
 CYCLE:     4 TIME:   0.016 TIME LEFT:  2.00D  GRAD.:  3209.456 HEAT:  1939.302
 CYCLE:     5 TIME:   0.020 TIME LEFT:  2.00D  GRAD.:  1450.135 HEAT:  1345.615
 CYCLE:     6 TIME:   0.020 TIME LEFT:  2.00D  GRAD.:   731.497 HEAT:  1040.959
 CYCLE:     7 TIME:   0.023 TIME LEFT:  2.00D  GRAD.:   726.600 HEAT:  923.9686
 CYCLE:     8 TIME:   0.020 TIME LEFT:  2.00D  GRAD.:   659.618 HEAT:  810.4046
 CYCLE:     9 TIME:   0.062 TIME LEFT:  2.00D  GRAD.:   554.353 HEAT:  738.9080
 CYCLE:    10 TIME:   0.043 TIME LEFT:  2.00D  GRAD.:   303.155 HEAT:  704.0777
 CYCLE:    11 TIME:   0.023 TIME LEFT:  2.00D  GRAD.:   225.479 HEAT:  677.6091
 CYCLE:    12 TIME:   0.031 TIME LEFT:  2.00D  GRAD.:   480.688 HEAT:  667.0725
 CYCLE:    13 TIME:   0.031 TIME LEFT:  2.00D  GRAD.:   511.719 HEAT:  662.0586
 CYCLE:    14 TIME:   0.055 TIME LEFT:  2.00D  GRAD.:   257.037 HEAT:  636.3543
 CYCLE:    15 TIME:   0.055 TIME LEFT:  2.00D  GRAD.:   169.121 HEAT:  628.7044
 CYCLE:    16 TIME:   0.023 TIME LEFT:  2.00D  GRAD.:   139.653 HEAT:  622.2334
 CYCLE:    17 TIME:   0.027 TIME LEFT:  2.00D  GRAD.:   194.399 HEAT:  616.8820
 CYCLE:    18 TIME:   0.023 TIME LEFT:  2.00D  GRAD.:   173.355 HEAT:  610.3515
 CYCLE:    19 TIME:   0.059 TIME LEFT:  2.00D  GRAD.:   191.330 HEAT:  607.4609
 CYCLE:    20 TIME:   0.023 TIME LEFT:  2.00D  GRAD.:    84.985 HEAT:  601.7090
 CYCLE:    21 TIME:   0.055 TIME LEFT:  2.00D  GRAD.:    85.991 HEAT:  599.8872
 CYCLE:    22 TIME:   0.027 TIME LEFT:  2.00D  GRAD.:    82.097 HEAT:  597.9584
 CYCLE:    23 TIME:   0.027 TIME LEFT:  2.00D  GRAD.:   125.854 HEAT:  597.0954
 CYCLE:    24 TIME:   0.027 TIME LEFT:  2.00D  GRAD.:    77.382 HEAT:  594.6066
 CYCLE:    25 TIME:   0.074 TIME LEFT:  2.00D  GRAD.:    43.491 HEAT:  593.6276
 CYCLE:    26 TIME:   0.023 TIME LEFT:  2.00D  GRAD.:    64.621 HEAT:  593.2634
 CYCLE:    27 TIME:   0.023 TIME LEFT:  2.00D  GRAD.:    46.165 HEAT:  592.3997
 CYCLE:    28 TIME:   0.047 TIME LEFT:  2.00D  GRAD.:    46.873 HEAT:  592.0573
 CYCLE:    29 TIME:   0.020 TIME LEFT:  2.00D  GRAD.:    25.085 HEAT:  591.4365
pipeline_temp/vildagliptin.temp
 CYCLE:    31 TIME:   0.027 TIME LEFT:  2.00D  GRAD.:    53.206 HEAT:  589.9725
 CYCLE:    32 TIME:   0.027 TIME LEFT:  2.00D  GRAD.:    58.418 HEAT:  589.1916
 CYCLE:    33 TIME:   0.051 TIME LEFT:  2.00D  GRAD.:    60.848 HEAT:  588.8024
 CYCLE:    34 TIME:   0.031 TIME LEFT:  2.00D  GRAD.:    68.966 HEAT:  588.7730
 CYCLE:    35 TIME:   0.027 TIME LEFT:  2.00D  GRAD.:    57.992 HEAT:  587.9381
 CYCLE:    36 TIME:   0.051 TIME LEFT:  2.00D  GRAD.:    33.429 HEAT:  587.5378
 CYCLE:    37 TIME:   0.039 TIME LEFT:  2.00D  GRAD.:    18.337 HEAT:  587.3483
 CYCLE:    38 TIME:   0.023 TIME LEFT:  2.00D  GRAD.:    15.655 HEAT:  587.1899
 CYCLE:    39 TIME:   0.020 TIME LEFT:  2.00D  GRAD.:    14.754 HEAT:  587.0064
 CYCLE:    40 TIME:   0.020 TIME LEFT:  2.00D  GRAD.:    27.368 HEAT:  586.8297
 CYCLE:    41 TIME:   0.023 TIME LEFT:  2.00D  GRAD.:    13.892 HEAT:  586.4670
 CYCLE:    42 TIME:   0.027 TIME LEFT:  2.00D  GRAD.:    23.583 HEAT:  586.2271
 CYCLE:    43 TIME:   0.027 TIME LEFT:  2.00D  GRAD.:    36.696 HEAT:  585.8993
 CYCLE:    44 TIME:   0.023 TIME LEFT:  2.00D  GRAD.:    29.944 HEAT:  585.7877
 CYCLE:    45 TIME:   0.020 TIME LEFT:  2.00D  GRAD.:    26.412 HEAT:  585.5945
 CYCLE:    46 TIME:   0.023 TIME LEFT:  2.00D  GRAD.:    24.951 HEAT:  585.5132
 CYCLE:    47 TIME:   0.059 TIME LEFT:  2.00D  GRAD.:    23.367 HEAT:  585.4487
 CYCLE:    48 TIME:   0.023 TIME LEFT:  2.00D  GRAD.:    22.604 HEAT:  585.3871
 CYCLE:    49 TIME:   0.016 TIME LEFT:  2.00D  GRAD.:    22.863 HEAT:  585.3312
 CYCLE:    50 TIME:   0.023 TIME LEFT:  2.00D  GRAD.:    21.999 HEAT:  585.2914
 CYCLE:    51 TIME:   0.016 TIME LEFT:  2.00D  GRAD.:    20.537 HEAT:  585.2262
 CYCLE:    52 TIME:   0.020 TIME LEFT:  2.00D  GRAD.:    20.454 HEAT:  585.1557
 CYCLE:    53 TIME:   0.023 TIME LEFT:  2.00D  GRAD.:    18.844 HEAT:  585.0623
 CYCLE:    54 TIME:   0.020 TIME LEFT:  2.00D  GRAD.:    16.592 HEAT:  584.8665
 CYCLE:    55 TIME:   0.020 TIME LEFT:  2.00D  GRAD.:    14.661 HEAT:  584.6886
 CYCLE:    56 TIME:   0.023 TIME LEFT:  2.00D  GRAD.:    14.774 HEAT:  584.5642
 CYCLE:    57 TIME:   0.023 TIME LEFT:  2.00D  GRAD.:     8.871 HEAT:  584.4521
 CYCLE:    58 TIME:   0.016 TIME LEFT:  2.00D  GRAD.:     6.244 HEAT:  584.4099
 CYCLE:    59 TIME:   0.023 TIME LEFT:  2.00D  GRAD.:    10.938 HEAT:  584.3546
pipeline_temp/vildagliptin.temp
 CYCLE:    61 TIME:   0.023 TIME LEFT:  2.00D  GRAD.:    12.327 HEAT:  584.1571
 CYCLE:    62 TIME:   0.020 TIME LEFT:  2.00D  GRAD.:    11.387 HEAT:  584.0555
 CYCLE:    63 TIME:   0.020 TIME LEFT:  2.00D  GRAD.:    10.135 HEAT:  583.9292
 CYCLE:    64 TIME:   0.023 TIME LEFT:  2.00D  GRAD.:     9.445 HEAT:  583.8166
 CYCLE:    65 TIME:   0.023 TIME LEFT:  2.00D  GRAD.:     8.385 HEAT:  583.6879
 CYCLE:    66 TIME:   0.023 TIME LEFT:  2.00D  GRAD.:     6.950 HEAT:  583.6294
 CYCLE:    67 TIME:   0.020 TIME LEFT:  2.00D  GRAD.:     6.908 HEAT:  583.5612
 CYCLE:    68 TIME:   0.016 TIME LEFT:  2.00D  GRAD.:     4.989 HEAT:  583.5499
 CYCLE:    69 TIME:   0.043 TIME LEFT:  2.00D  GRAD.:     7.611 HEAT:  583.5296
 CYCLE:    70 TIME:   0.023 TIME LEFT:  2.00D  GRAD.:     8.321 HEAT:  583.4947
 CYCLE:    71 TIME:   0.035 TIME LEFT:  2.00D  GRAD.:     6.607 HEAT:  583.4845
 CYCLE:    72 TIME:   0.016 TIME LEFT:  2.00D  GRAD.:     2.801 HEAT:  583.4640
 CYCLE:    73 TIME:   0.016 TIME LEFT:  2.00D  GRAD.:     2.625 HEAT:  583.4562
 CYCLE:    74 TIME:   0.012 TIME LEFT:  2.00D  GRAD.:     3.025 HEAT:  583.4554
 CYCLE:    75 TIME:   0.016 TIME LEFT:  2.00D  GRAD.:     1.826 HEAT:  583.4551
 CYCLE:    76 TIME:   0.016 TIME LEFT:  2.00D  GRAD.:     1.619 HEAT:  583.4484
 CYCLE:    77 TIME:   0.012 TIME LEFT:  2.00D  GRAD.:     1.704 HEAT:  583.4484
 CYCLE:    78 TIME:   0.012 TIME LEFT:  2.00D  GRAD.:     1.904 HEAT:  583.4469
 CYCLE:    79 TIME:   0.012 TIME LEFT:  2.00D  GRAD.:     1.662 HEAT:  583.4457
 CYCLE:    80 TIME:   0.012 TIME LEFT:  2.00D  GRAD.:     1.799 HEAT:  583.4446
 CYCLE:    81 TIME:   0.008 TIME LEFT:  2.00D  GRAD.:     1.757 HEAT:  583.4448
 CYCLE:    82 TIME:   0.012 TIME LEFT:  2.00D  GRAD.:     1.420 HEAT:  583.4423
 CYCLE:    83 TIME:   0.012 TIME LEFT:  2.00D  GRAD.:     2.480 HEAT:  583.4447
 CYCLE:    84 TIME:   0.012 TIME LEFT:  2.00D  GRAD.:     1.836 HEAT:  583.4422
 CYCLE:    85 TIME:   0.012 TIME LEFT:  2.00D  GRAD.:     2.451 HEAT:  583.4422
 CYCLE:    86 TIME:   0.012 TIME LEFT:  2.00D  GRAD.:     2.243 HEAT:  583.4411
 CYCLE:    87 TIME:   0.008 TIME LEFT:  2.00D  GRAD.:     2.091 HEAT:  583.4413
 CYCLE:    88 TIME:   0.012 TIME LEFT:  2.00D  GRAD.:     1.392 HEAT:  583.4396
 CYCLE:    89 TIME:   0.012 TIME LEFT:  2.00D  GRAD.:     1.999 HEAT:  583.4391
pipeline_temp/vildagliptin.temp
 CYCLE:    91 TIME:   0.008 TIME LEFT:  2.00D  GRAD.:     1.453 HEAT:  583.4384
 CYCLE:    92 TIME:   0.012 TIME LEFT:  2.00D  GRAD.:     1.449 HEAT:  583.4373
 CYCLE:    93 TIME:   0.012 TIME LEFT:  2.00D  GRAD.:     1.424 HEAT:  583.4373
 CYCLE:    94 TIME:   0.012 TIME LEFT:  2.00D  GRAD.:     1.183 HEAT:  583.4366
 CYCLE:    95 TIME:   0.012 TIME LEFT:  2.00D  GRAD.:     1.167 HEAT:  583.4360
 CYCLE:    96 TIME:   0.008 TIME LEFT:  2.00D  GRAD.:     0.704 HEAT:  583.4351
