XYZ RAPID MOZYME PM7 LOG THREADS=8 PDBOUT
 mopac/covid_residue.pdb

           Empirical Formula: C8 H15 N O6   =    30 atoms
*REMARK   3 NAG = N-Acetyl-D-glucosamine                            res:    1
*REMARK   3 NAG = N-Acetyl-D-glucosamine                            res:    1
 CYCLE:     1 TIME:   0.016 TIME LEFT:  2.00D  GRAD.:   103.973 HEAT: -247.5958
 CYCLE:     2 TIME:   0.061 TIME LEFT:  2.00D  GRAD.:    95.020 HEAT: -252.3612
 CYCLE:     3 TIME:   0.053 TIME LEFT:  2.00D  GRAD.:    93.132 HEAT: -254.2107
 CYCLE:     4 TIME:   0.025 TIME LEFT:  2.00D  GRAD.:    46.131 HEAT: -256.5784
 CYCLE:     5 TIME:   0.027 TIME LEFT:  2.00D  GRAD.:    63.232 HEAT: -258.0166
 CYCLE:     6 TIME:   0.027 TIME LEFT:  2.00D  GRAD.:    73.871 HEAT: -259.2137
 CYCLE:     7 TIME:   0.027 TIME LEFT:  2.00D  GRAD.:    90.665 HEAT: -259.9530
 CYCLE:     8 TIME:   0.029 TIME LEFT:  2.00D  GRAD.:   113.114 HEAT: -260.3361
 CYCLE:     9 TIME:   0.051 TIME LEFT:  2.00D  GRAD.:    53.898 HEAT: -263.0826
 CYCLE:    10 TIME:   0.049 TIME LEFT:  2.00D  GRAD.:    36.378 HEAT: -263.8626
 CYCLE:    11 TIME:   0.023 TIME LEFT:  2.00D  GRAD.:    34.526 HEAT: -264.4869
 CYCLE:    12 TIME:   0.023 TIME LEFT:  2.00D  GRAD.:    25.899 HEAT: -265.1962
 CYCLE:    13 TIME:   0.027 TIME LEFT:  2.00D  GRAD.:    57.802 HEAT: -265.7739
 CYCLE:    14 TIME:   0.025 TIME LEFT:  2.00D  GRAD.:    33.029 HEAT: -266.8080
 CYCLE:    15 TIME:   0.072 TIME LEFT:  2.00D  GRAD.:    35.109 HEAT: -267.0005
 CYCLE:    16 TIME:   0.021 TIME LEFT:  2.00D  GRAD.:    14.198 HEAT: -267.4953
 CYCLE:    17 TIME:   0.025 TIME LEFT:  2.00D  GRAD.:    38.820 HEAT: -267.6824
 CYCLE:    18 TIME:   0.021 TIME LEFT:  2.00D  GRAD.:    15.080 HEAT: -268.4988
 CYCLE:    19 TIME:   0.027 TIME LEFT:  2.00D  GRAD.:    46.794 HEAT: -268.7067
 CYCLE:    20 TIME:   0.025 TIME LEFT:  2.00D  GRAD.:    24.601 HEAT: -270.0896
 CYCLE:    21 TIME:   0.098 TIME LEFT:  2.00D  GRAD.:    19.291 HEAT: -270.2602
 CYCLE:    22 TIME:   0.021 TIME LEFT:  2.00D  GRAD.:    14.634 HEAT: -270.5215
 CYCLE:    23 TIME:   0.021 TIME LEFT:  2.00D  GRAD.:    18.885 HEAT: -270.7971
 CYCLE:    24 TIME:   0.023 TIME LEFT:  2.00D  GRAD.:    15.580 HEAT: -271.1958
 CYCLE:    25 TIME:   0.027 TIME LEFT:  2.00D  GRAD.:    23.358 HEAT: -271.5856
 CYCLE:    26 TIME:   0.025 TIME LEFT:  2.00D  GRAD.:    20.777 HEAT: -272.2194
 CYCLE:    27 TIME:   0.027 TIME LEFT:  2.00D  GRAD.:    35.130 HEAT: -272.8598
 CYCLE:    28 TIME:   0.029 TIME LEFT:  2.00D  GRAD.:    36.622 HEAT: -273.7094
 CYCLE:    29 TIME:   0.078 TIME LEFT:  2.00D  GRAD.:    44.029 HEAT: -273.7406
covid_residue.temp
 CYCLE:    31 TIME:   0.068 TIME LEFT:  2.00D  GRAD.:    17.566 HEAT: -274.7650
 CYCLE:    32 TIME:   0.023 TIME LEFT:  2.00D  GRAD.:    18.692 HEAT: -274.8995
 CYCLE:    33 TIME:   0.023 TIME LEFT:  2.00D  GRAD.:    17.794 HEAT: -275.0381
 CYCLE:    34 TIME:   0.023 TIME LEFT:  2.00D  GRAD.:    20.355 HEAT: -275.1804
 CYCLE:    35 TIME:   0.021 TIME LEFT:  2.00D  GRAD.:    16.812 HEAT: -275.3823
 CYCLE:    36 TIME:   0.023 TIME LEFT:  2.00D  GRAD.:    24.595 HEAT: -275.5693
 CYCLE:    37 TIME:   0.023 TIME LEFT:  2.00D  GRAD.:    17.539 HEAT: -275.8510
 CYCLE:    38 TIME:   0.070 TIME LEFT:  2.00D  GRAD.:    13.950 HEAT: -275.9733
 CYCLE:    39 TIME:   0.023 TIME LEFT:  2.00D  GRAD.:     7.688 HEAT: -276.1036
 CYCLE:    40 TIME:   0.023 TIME LEFT:  2.00D  GRAD.:    11.226 HEAT: -276.2282
 CYCLE:    41 TIME:   0.023 TIME LEFT:  2.00D  GRAD.:     8.475 HEAT: -276.3969
 CYCLE:    42 TIME:   0.025 TIME LEFT:  2.00D  GRAD.:    13.175 HEAT: -276.7004
 CYCLE:    43 TIME:   0.027 TIME LEFT:  2.00D  GRAD.:    17.497 HEAT: -277.1760
 CYCLE:    44 TIME:   0.033 TIME LEFT:  2.00D  GRAD.:    29.478 HEAT: -277.6710
 CYCLE:    45 TIME:   0.031 TIME LEFT:  2.00D  GRAD.:    43.014 HEAT: -277.7916
 CYCLE:    46 TIME:   0.025 TIME LEFT:  2.00D  GRAD.:    27.870 HEAT: -278.0634
 CYCLE:    47 TIME:   0.074 TIME LEFT:  2.00D  GRAD.:    22.485 HEAT: -278.2688
 CYCLE:    48 TIME:   0.043 TIME LEFT:  2.00D  GRAD.:    10.943 HEAT: -278.4321
 CYCLE:    49 TIME:   0.039 TIME LEFT:  2.00D  GRAD.:     6.816 HEAT: -278.4569
 CYCLE:    50 TIME:   0.018 TIME LEFT:  2.00D  GRAD.:     6.656 HEAT: -278.4848
 CYCLE:    51 TIME:   0.018 TIME LEFT:  2.00D  GRAD.:     5.397 HEAT: -278.5026
 CYCLE:    52 TIME:   0.018 TIME LEFT:  2.00D  GRAD.:     4.663 HEAT: -278.5049
 CYCLE:    53 TIME:   0.018 TIME LEFT:  2.00D  GRAD.:     3.578 HEAT: -278.5344
 CYCLE:    54 TIME:   0.020 TIME LEFT:  2.00D  GRAD.:     4.855 HEAT: -278.5573
 CYCLE:    55 TIME:   0.021 TIME LEFT:  2.00D  GRAD.:     3.582 HEAT: -278.5802
 CYCLE:    56 TIME:   0.018 TIME LEFT:  2.00D  GRAD.:     3.917 HEAT: -278.6029
 CYCLE:    57 TIME:   0.018 TIME LEFT:  2.00D  GRAD.:     3.354 HEAT: -278.6218
 CYCLE:    58 TIME:   0.020 TIME LEFT:  2.00D  GRAD.:     3.613 HEAT: -278.6576
 CYCLE:    59 TIME:   0.020 TIME LEFT:  2.00D  GRAD.:     3.617 HEAT: -278.6899
covid_residue.temp
 CYCLE:    61 TIME:   0.021 TIME LEFT:  2.00D  GRAD.:     6.001 HEAT: -278.8044
 CYCLE:    62 TIME:   0.025 TIME LEFT:  2.00D  GRAD.:     7.917 HEAT: -278.8639
 CYCLE:    63 TIME:   0.021 TIME LEFT:  2.00D  GRAD.:     6.161 HEAT: -278.9948
 CYCLE:    64 TIME:   0.027 TIME LEFT:  2.00D  GRAD.:     8.553 HEAT: -279.1442
 CYCLE:    65 TIME:   0.027 TIME LEFT:  2.00D  GRAD.:    13.827 HEAT: -279.2006
 CYCLE:    66 TIME:   0.051 TIME LEFT:  2.00D  GRAD.:    12.463 HEAT: -279.2582
 CYCLE:    67 TIME:   0.084 TIME LEFT:  2.00D  GRAD.:     9.335 HEAT: -279.2852
 CYCLE:    68 TIME:   0.020 TIME LEFT:  2.00D  GRAD.:     5.952 HEAT: -279.3083
 CYCLE:    69 TIME:   0.029 TIME LEFT:  2.00D  GRAD.:     4.027 HEAT: -279.3115
 CYCLE:    70 TIME:   0.012 TIME LEFT:  2.00D  GRAD.:     2.762 HEAT: -279.3150
 CYCLE:    71 TIME:   0.016 TIME LEFT:  2.00D  GRAD.:     2.710 HEAT: -279.3371
 CYCLE:    72 TIME:   0.014 TIME LEFT:  2.00D  GRAD.:     2.375 HEAT: -279.3457
 CYCLE:    73 TIME:   0.018 TIME LEFT:  2.00D  GRAD.:     2.366 HEAT: -279.3638
 CYCLE:    74 TIME:   0.021 TIME LEFT:  2.00D  GRAD.:     4.871 HEAT: -279.3816
 CYCLE:    75 TIME:   0.020 TIME LEFT:  2.00D  GRAD.:     6.323 HEAT: -279.3921
 CYCLE:    76 TIME:   0.041 TIME LEFT:  2.00D  GRAD.:     5.651 HEAT: -279.3922
 CYCLE:    77 TIME:   0.018 TIME LEFT:  2.00D  GRAD.:     7.144 HEAT: -279.4073
 CYCLE:    78 TIME:   0.018 TIME LEFT:  2.00D  GRAD.:     7.742 HEAT: -279.4474
 CYCLE:    79 TIME:   0.018 TIME LEFT:  2.00D  GRAD.:     6.215 HEAT: -279.4547
 CYCLE:    80 TIME:   0.018 TIME LEFT:  2.00D  GRAD.:     2.955 HEAT: -279.4762
 CYCLE:    81 TIME:   0.021 TIME LEFT:  2.00D  GRAD.:     3.692 HEAT: -279.5052
 CYCLE:    82 TIME:   0.023 TIME LEFT:  2.00D  GRAD.:     4.387 HEAT: -279.5461
 CYCLE:    83 TIME:   0.023 TIME LEFT:  2.00D  GRAD.:     4.770 HEAT: -279.5975
 CYCLE:    84 TIME:   0.027 TIME LEFT:  2.00D  GRAD.:     4.076 HEAT: -279.6270
 CYCLE:    85 TIME:   0.025 TIME LEFT:  2.00D  GRAD.:     5.490 HEAT: -279.6552
 CYCLE:    86 TIME:   0.027 TIME LEFT:  2.00D  GRAD.:     4.188 HEAT: -279.6560
 CYCLE:    87 TIME:   0.084 TIME LEFT:  2.00D  GRAD.:     4.047 HEAT: -279.6563
 CYCLE:    88 TIME:   0.018 TIME LEFT:  2.00D  GRAD.:     6.803 HEAT: -279.6582
 CYCLE:    89 TIME:   0.020 TIME LEFT:  2.00D  GRAD.:     4.794 HEAT: -279.7101
covid_residue.temp
 CYCLE:    91 TIME:   0.102 TIME LEFT:  2.00D  GRAD.:     2.266 HEAT: -279.7007
 CYCLE:    92 TIME:   0.102 TIME LEFT:  2.00D  GRAD.:     2.892 HEAT: -279.6993
 CYCLE:    93 TIME:   0.012 TIME LEFT:  2.00D  GRAD.:     2.863 HEAT: -279.7090
 CYCLE:    94 TIME:   0.111 TIME LEFT:  2.00D  GRAD.:     2.378 HEAT: -279.7054
 CYCLE:    95 TIME:   0.107 TIME LEFT:  2.00D  GRAD.:     2.810 HEAT: -279.7030
 CYCLE:    96 TIME:   0.102 TIME LEFT:  2.00D  GRAD.:     3.600 HEAT: -279.7052
 CYCLE:    97 TIME:   0.012 TIME LEFT:  2.00D  GRAD.:     1.947 HEAT: -279.7102
 CYCLE:    98 TIME:   0.018 TIME LEFT:  2.00D  GRAD.:     3.050 HEAT: -279.7020
 CYCLE:    99 TIME:   0.076 TIME LEFT:  2.00D  GRAD.:     2.549 HEAT: -279.6922
 CYCLE:   100 TIME:   0.062 TIME LEFT:  2.00D  GRAD.:     2.704 HEAT: -279.6952
 CYCLE:   101 TIME:   0.062 TIME LEFT:  2.00D  GRAD.:     3.769 HEAT: -279.7005
 CYCLE:   102 TIME:   0.020 TIME LEFT:  2.00D  GRAD.:     8.274 HEAT: -279.7336
 CYCLE:   103 TIME:   0.094 TIME LEFT:  2.00D  GRAD.:     5.666 HEAT: -279.7380
 CYCLE:   104 TIME:   0.014 TIME LEFT:  2.00D  GRAD.:     2.710 HEAT: -279.7397
 CYCLE:   105 TIME:   0.012 TIME LEFT:  2.00D  GRAD.:     1.916 HEAT: -279.7347
 CYCLE:   106 TIME:   0.088 TIME LEFT:  2.00D  GRAD.:     2.609 HEAT: -279.7311
 CYCLE:   107 TIME:   0.053 TIME LEFT:  2.00D  GRAD.:     2.578 HEAT: -279.7288
 CYCLE:   108 TIME:   0.129 TIME LEFT:  2.00D  GRAD.:     2.605 HEAT: -279.7213
 CYCLE:   109 TIME:   0.117 TIME LEFT:  2.00D  GRAD.:     2.802 HEAT: -279.7202
 CYCLE:   110 TIME:   0.016 TIME LEFT:  2.00D  GRAD.:     6.913 HEAT: -279.7162
 CYCLE:   111 TIME:   0.107 TIME LEFT:  2.00D  GRAD.:     3.028 HEAT: -279.7250
 CYCLE:   112 TIME:   0.027 TIME LEFT:  2.00D  GRAD.:     2.530 HEAT: -279.7249
 CYCLE:   113 TIME:   0.121 TIME LEFT:  2.00D  GRAD.:     2.656 HEAT: -279.7210
 CYCLE:   114 TIME:   0.111 TIME LEFT:  2.00D  GRAD.:     3.422 HEAT: -279.7184
 CYCLE:   115 TIME:   0.012 TIME LEFT:  2.00D  GRAD.:     4.175 HEAT: -279.7212
 CYCLE:   116 TIME:   0.109 TIME LEFT:  2.00D  GRAD.:     2.484 HEAT: -279.7225
 CYCLE:   117 TIME:   0.111 TIME LEFT:  2.00D  GRAD.:     2.726 HEAT: -279.7236
 CYCLE:   118 TIME:   0.051 TIME LEFT:  2.00D  GRAD.:    21.452 HEAT: -279.7687
 CYCLE:   119 TIME:   0.027 TIME LEFT:  2.00D  GRAD.:    22.895 HEAT: -279.9655
covid_residue.temp
 CYCLE:   121 TIME:   0.021 TIME LEFT:  2.00D  GRAD.:    16.446 HEAT: -280.5958
 CYCLE:   122 TIME:   0.025 TIME LEFT:  2.00D  GRAD.:    13.710 HEAT: -281.1268
 CYCLE:   123 TIME:   0.029 TIME LEFT:  2.00D  GRAD.:    14.374 HEAT: -281.6264
 CYCLE:   124 TIME:   0.031 TIME LEFT:  2.00D  GRAD.:    23.226 HEAT: -282.1019
 CYCLE:   125 TIME:   0.027 TIME LEFT:  2.00D  GRAD.:    17.600 HEAT: -282.4827
 CYCLE:   126 TIME:   0.027 TIME LEFT:  2.00D  GRAD.:    12.071 HEAT: -282.7591
 CYCLE:   127 TIME:   0.029 TIME LEFT:  2.00D  GRAD.:     9.529 HEAT: -283.0328
 CYCLE:   128 TIME:   0.025 TIME LEFT:  2.00D  GRAD.:     8.920 HEAT: -283.2279
 CYCLE:   129 TIME:   0.068 TIME LEFT:  2.00D  GRAD.:    10.292 HEAT: -283.2599
 CYCLE:   130 TIME:   0.023 TIME LEFT:  2.00D  GRAD.:     6.649 HEAT: -283.3503
 CYCLE:   131 TIME:   0.021 TIME LEFT:  2.00D  GRAD.:     4.718 HEAT: -283.4317
 CYCLE:   132 TIME:   0.023 TIME LEFT:  2.00D  GRAD.:     3.241 HEAT: -283.4783
 CYCLE:   133 TIME:   0.023 TIME LEFT:  2.00D  GRAD.:     4.493 HEAT: -283.5366
 CYCLE:   134 TIME:   0.018 TIME LEFT:  2.00D  GRAD.:     3.563 HEAT: -283.5622
 CYCLE:   135 TIME:   0.023 TIME LEFT:  2.00D  GRAD.:     6.353 HEAT: -283.5899
 CYCLE:   136 TIME:   0.021 TIME LEFT:  2.00D  GRAD.:     3.734 HEAT: -283.6362
 CYCLE:   137 TIME:   0.020 TIME LEFT:  2.00D  GRAD.:     3.536 HEAT: -283.6632
 CYCLE:   138 TIME:   0.025 TIME LEFT:  2.00D  GRAD.:     4.598 HEAT: -283.7203
 CYCLE:   139 TIME:   0.021 TIME LEFT:  2.00D  GRAD.:     4.739 HEAT: -283.7655
 CYCLE:   140 TIME:   0.027 TIME LEFT:  2.00D  GRAD.:     3.698 HEAT: -283.8330
 CYCLE:   141 TIME:   0.025 TIME LEFT:  2.00D  GRAD.:     3.863 HEAT: -283.8519
 CYCLE:   142 TIME:   0.020 TIME LEFT:  2.00D  GRAD.:     2.262 HEAT: -283.8904
 CYCLE:   143 TIME:   0.021 TIME LEFT:  2.00D  GRAD.:     2.211 HEAT: -283.9205
 CYCLE:   144 TIME:   0.021 TIME LEFT:  2.00D  GRAD.:     2.087 HEAT: -283.9502
 CYCLE:   145 TIME:   0.018 TIME LEFT:  2.00D  GRAD.:     1.687 HEAT: -283.9673
 CYCLE:   146 TIME:   0.018 TIME LEFT:  2.00D  GRAD.:     2.067 HEAT: -283.9701
 CYCLE:   147 TIME:   0.023 TIME LEFT:  2.00D  GRAD.:     5.783 HEAT: -283.9735
 CYCLE:   148 TIME:   0.020 TIME LEFT:  2.00D  GRAD.:     2.512 HEAT: -283.9845
 CYCLE:   149 TIME:   0.023 TIME LEFT:  2.00D  GRAD.:     2.585 HEAT: -283.9963
covid_residue.temp
 CYCLE:   151 TIME:   0.051 TIME LEFT:  2.00D  GRAD.:     6.916 HEAT: -283.9881
 CYCLE:   152 TIME:   0.029 TIME LEFT:  2.00D  GRAD.:     2.775 HEAT: -283.9950
 CYCLE:   153 TIME:   0.027 TIME LEFT:  2.00D  GRAD.:     1.656 HEAT: -283.9907
 CYCLE:   154 TIME:   0.080 TIME LEFT:  2.00D  GRAD.:     2.091 HEAT: -283.9821
 CYCLE:   155 TIME:   0.012 TIME LEFT:  2.00D  GRAD.:     3.393 HEAT: -283.9882
 CYCLE:   156 TIME:   0.115 TIME LEFT:  2.00D  GRAD.:     2.431 HEAT: -283.9789
 CYCLE:   157 TIME:   0.119 TIME LEFT:  2.00D  GRAD.:     2.326 HEAT: -283.9699
 CYCLE:   158 TIME:   0.066 TIME LEFT:  2.00D  GRAD.:     2.446 HEAT: -283.9602
 CYCLE:   159 TIME:   0.143 TIME LEFT:  2.00D  GRAD.:     1.889 HEAT: -283.9552
 CYCLE:   160 TIME:   0.088 TIME LEFT:  2.00D  GRAD.:     2.156 HEAT: -283.9466
 CYCLE:   161 TIME:   0.117 TIME LEFT:  2.00D  GRAD.:     1.914 HEAT: -283.9403
 CYCLE:   162 TIME:   0.096 TIME LEFT:  2.00D  GRAD.:     2.989 HEAT: -283.9408
 CYCLE:   163 TIME:   0.109 TIME LEFT:  2.00D  GRAD.:     3.556 HEAT: -283.9412
 CYCLE:   164 TIME:   0.141 TIME LEFT:  2.00D  GRAD.:     3.848 HEAT: -283.9414
 CYCLE:   165 TIME:   0.098 TIME LEFT:  2.00D  GRAD.:     4.172 HEAT: -283.9375
 CYCLE:   166 TIME:   0.117 TIME LEFT:  2.00D  GRAD.:     3.751 HEAT: -283.9387
