XYZ RAPID MOZYME PM7 LOG THREADS=8 PDBOUT
 mopac/faviparin.pdb

           Empirical Formula: C5 H6 N3 O2 F   =    17 atoms
*REMARK   3 HET = Not identified; C 5 H 6 N 3 O 2 F  =    17 atoms  res:    1
                     (Includes atom number:    1)
*REMARK   3 HET = Not identified; C 5 H 6 N 3 O 2 F  =    17 atoms  res:    1
                     (Includes atom number:    1)
 CYCLE:     1 TIME:   0.006 TIME LEFT:  2.00D  GRAD.:   109.592 HEAT: -84.68288
 CYCLE:     2 TIME:   0.029 TIME LEFT:  2.00D  GRAD.:    69.932 HEAT: -87.07088
 CYCLE:     3 TIME:   0.008 TIME LEFT:  2.00D  GRAD.:    45.559 HEAT: -88.50922
 CYCLE:     4 TIME:   0.008 TIME LEFT:  2.00D  GRAD.:    60.091 HEAT: -89.17654
 CYCLE:     5 TIME:   0.018 TIME LEFT:  2.00D  GRAD.:    33.673 HEAT: -89.90010
 CYCLE:     6 TIME:   0.018 TIME LEFT:  2.00D  GRAD.:    35.450 HEAT: -90.06159
 CYCLE:     7 TIME:   0.008 TIME LEFT:  2.00D  GRAD.:    25.341 HEAT: -90.31405
 CYCLE:     8 TIME:   0.008 TIME LEFT:  2.00D  GRAD.:    21.127 HEAT: -90.50715
 CYCLE:     9 TIME:   0.006 TIME LEFT:  2.00D  GRAD.:    18.958 HEAT: -90.66790
 CYCLE:    10 TIME:   0.016 TIME LEFT:  2.00D  GRAD.:    23.593 HEAT: -90.73827
 CYCLE:    11 TIME:   0.008 TIME LEFT:  2.00D  GRAD.:    22.311 HEAT: -90.82777
 CYCLE:    12 TIME:   0.008 TIME LEFT:  2.00D  GRAD.:    19.742 HEAT: -90.89443
 CYCLE:    13 TIME:   0.008 TIME LEFT:  2.00D  GRAD.:     9.385 HEAT: -91.02170
 CYCLE:    14 TIME:   0.008 TIME LEFT:  2.00D  GRAD.:    14.263 HEAT: -91.09609
 CYCLE:    15 TIME:   0.008 TIME LEFT:  2.00D  GRAD.:    13.316 HEAT: -91.22946
 CYCLE:    16 TIME:   0.014 TIME LEFT:  2.00D  GRAD.:    18.525 HEAT: -91.24464
 CYCLE:    17 TIME:   0.008 TIME LEFT:  2.00D  GRAD.:    12.624 HEAT: -91.34787
 CYCLE:    18 TIME:   0.010 TIME LEFT:  2.00D  GRAD.:    17.096 HEAT: -91.37864
 CYCLE:    19 TIME:   0.008 TIME LEFT:  2.00D  GRAD.:    13.420 HEAT: -91.48294
 CYCLE:    20 TIME:   0.008 TIME LEFT:  2.00D  GRAD.:    16.573 HEAT: -91.51074
 CYCLE:    21 TIME:   0.016 TIME LEFT:  2.00D  GRAD.:    15.455 HEAT: -91.55372
 CYCLE:    22 TIME:   0.006 TIME LEFT:  2.00D  GRAD.:    17.456 HEAT: -91.56323
 CYCLE:    23 TIME:   0.008 TIME LEFT:  2.00D  GRAD.:    13.648 HEAT: -91.61434
 CYCLE:    24 TIME:   0.008 TIME LEFT:  2.00D  GRAD.:    10.029 HEAT: -91.67302
 CYCLE:    25 TIME:   0.014 TIME LEFT:  2.00D  GRAD.:     8.594 HEAT: -91.68760
 CYCLE:    26 TIME:   0.008 TIME LEFT:  2.00D  GRAD.:     6.260 HEAT: -91.72693
 CYCLE:    27 TIME:   0.006 TIME LEFT:  2.00D  GRAD.:     7.970 HEAT: -91.75676
 CYCLE:    28 TIME:   0.010 TIME LEFT:  2.00D  GRAD.:     7.101 HEAT: -91.81165
 CYCLE:    29 TIME:   0.008 TIME LEFT:  2.00D  GRAD.:    10.391 HEAT: -91.87200
faviparin.temp
 CYCLE:    31 TIME:   0.008 TIME LEFT:  2.00D  GRAD.:    14.760 HEAT: -92.16270
 CYCLE:    32 TIME:   0.012 TIME LEFT:  2.00D  GRAD.:    14.925 HEAT: -92.29773
 CYCLE:    33 TIME:   0.010 TIME LEFT:  2.00D  GRAD.:    23.005 HEAT: -92.38760
 CYCLE:    34 TIME:   0.008 TIME LEFT:  2.00D  GRAD.:    17.090 HEAT: -92.55135
 CYCLE:    35 TIME:   0.010 TIME LEFT:  2.00D  GRAD.:    18.320 HEAT: -92.73208
 CYCLE:    36 TIME:   0.008 TIME LEFT:  2.00D  GRAD.:     9.245 HEAT: -92.87143
 CYCLE:    37 TIME:   0.010 TIME LEFT:  2.00D  GRAD.:    12.800 HEAT: -92.97294
 CYCLE:    38 TIME:   0.010 TIME LEFT:  2.00D  GRAD.:    14.527 HEAT: -93.05026
 CYCLE:    39 TIME:   0.010 TIME LEFT:  2.00D  GRAD.:    16.200 HEAT: -93.06806
 CYCLE:    40 TIME:   0.010 TIME LEFT:  2.00D  GRAD.:    11.732 HEAT: -93.28213
 CYCLE:    41 TIME:   0.008 TIME LEFT:  2.00D  GRAD.:     5.528 HEAT: -93.36366
 CYCLE:    42 TIME:   0.010 TIME LEFT:  2.00D  GRAD.:     4.366 HEAT: -93.41248
 CYCLE:    43 TIME:   0.010 TIME LEFT:  2.00D  GRAD.:     8.325 HEAT: -93.47384
 CYCLE:    44 TIME:   0.008 TIME LEFT:  2.00D  GRAD.:     7.727 HEAT: -93.48764
 CYCLE:    45 TIME:   0.008 TIME LEFT:  2.00D  GRAD.:     4.705 HEAT: -93.51695
 CYCLE:    46 TIME:   0.016 TIME LEFT:  2.00D  GRAD.:     4.157 HEAT: -93.51975
 CYCLE:    47 TIME:   0.006 TIME LEFT:  2.00D  GRAD.:     2.618 HEAT: -93.52064
 CYCLE:    48 TIME:   0.014 TIME LEFT:  2.00D  GRAD.:     2.995 HEAT: -93.52542
 CYCLE:    49 TIME:   0.008 TIME LEFT:  2.00D  GRAD.:     4.193 HEAT: -93.53277
 CYCLE:    50 TIME:   0.008 TIME LEFT:  2.00D  GRAD.:     5.981 HEAT: -93.52379
 CYCLE:    51 TIME:   0.010 TIME LEFT:  2.00D  GRAD.:     2.633 HEAT: -93.52863
 CYCLE:    52 TIME:   0.010 TIME LEFT:  2.00D  GRAD.:     1.206 HEAT: -93.53151
 CYCLE:    53 TIME:   0.006 TIME LEFT:  2.00D  GRAD.:     2.369 HEAT: -93.53724
 CYCLE:    54 TIME:   0.006 TIME LEFT:  2.00D  GRAD.:     2.878 HEAT: -93.53537
 CYCLE:    55 TIME:   0.004 TIME LEFT:  2.00D  GRAD.:     1.474 HEAT: -93.53685
 CYCLE:    56 TIME:   0.006 TIME LEFT:  2.00D  GRAD.:     1.870 HEAT: -93.53471
 CYCLE:    57 TIME:   0.006 TIME LEFT:  2.00D  GRAD.:     1.613 HEAT: -93.53980
 CYCLE:    58 TIME:   0.004 TIME LEFT:  2.00D  GRAD.:     1.034 HEAT: -93.53636
 CYCLE:    59 TIME:   0.004 TIME LEFT:  2.00D  GRAD.:     0.793 HEAT: -93.53591
